2014-12-17 15:55:39 INFO  QueuePriorityAlgorithm:80 - size of seed urls: 1
2014-12-17 15:55:41 WARN  HibernatePersistence:58 - HHH015016: Encountered a deprecated javax.persistence.spi.PersistenceProvider [org.hibernate.ejb.HibernatePersistence]; use [org.hibernate.jpa.HibernatePersistenceProvider] instead.
2014-12-17 15:55:41 WARN  HibernatePersistence:58 - HHH015016: Encountered a deprecated javax.persistence.spi.PersistenceProvider [org.hibernate.ejb.HibernatePersistence]; use [org.hibernate.jpa.HibernatePersistenceProvider] instead.
2014-12-17 15:55:41 WARN  HibernatePersistence:58 - HHH015016: Encountered a deprecated javax.persistence.spi.PersistenceProvider [org.hibernate.ejb.HibernatePersistence]; use [org.hibernate.jpa.HibernatePersistenceProvider] instead.
2014-12-17 15:55:41 INFO  LogHelper:46 - HHH000204: Processing PersistenceUnitInfo [
	name: urlEntry
	...]
2014-12-17 15:55:41 INFO  Version:54 - HHH000412: Hibernate Core {4.3.3.Final}
2014-12-17 15:55:41 INFO  Environment:239 - HHH000206: hibernate.properties not found
2014-12-17 15:55:41 INFO  Environment:346 - HHH000021: Bytecode provider name : javassist
2014-12-17 15:55:41 INFO  Version:66 - HCANN000001: Hibernate Commons Annotations {4.0.4.Final}
2014-12-17 15:55:41 INFO  C3P0ConnectionProvider:133 - HHH010002: C3P0 using driver: com.mysql.jdbc.Driver at URL: jdbc:mysql://127.0.0.1:3306/urlEntry
2014-12-17 15:55:41 INFO  C3P0ConnectionProvider:134 - HHH000046: Connection properties: {user=root, password=****}
2014-12-17 15:55:41 INFO  C3P0ConnectionProvider:137 - HHH000006: Autocommit mode: false
2014-12-17 15:55:41 INFO  MLog:92 - MLog clients using log4j logging.
2014-12-17 15:55:42 INFO  C3P0Registry:216 - Initializing c3p0-0.9.2.1 [built 20-March-2013 10:47:27 +0000; debug? true; trace: 10]
2014-12-17 15:55:42 INFO  AbstractPoolBackedDataSource:522 - Initializing c3p0 pool... com.mchange.v2.c3p0.PoolBackedDataSource@4513eeb6 [ connectionPoolDataSource -> com.mchange.v2.c3p0.WrapperConnectionPoolDataSource@203ead1d [ acquireIncrement -> 3, acquireRetryAttempts -> 30, acquireRetryDelay -> 1000, autoCommitOnClose -> false, automaticTestTable -> null, breakAfterAcquireFailure -> false, checkoutTimeout -> 0, connectionCustomizerClassName -> null, connectionTesterClassName -> com.mchange.v2.c3p0.impl.DefaultConnectionTester, debugUnreturnedConnectionStackTraces -> false, factoryClassLocation -> null, forceIgnoreUnresolvedTransactions -> false, identityToken -> 1hges5d96og1jrlbnluzo|1e7aa82b, idleConnectionTestPeriod -> 0, initialPoolSize -> 1, maxAdministrativeTaskTime -> 0, maxConnectionAge -> 0, maxIdleTime -> 30, maxIdleTimeExcessConnections -> 0, maxPoolSize -> 12, maxStatements -> 10, maxStatementsPerConnection -> 0, minPoolSize -> 1, nestedDataSource -> com.mchange.v2.c3p0.DriverManagerDataSource@5f91852c [ description -> null, driverClass -> null, factoryClassLocation -> null, identityToken -> 1hges5d96og1jrlbnluzo|70a36a66, jdbcUrl -> jdbc:mysql://127.0.0.1:3306/urlEntry, properties -> {user=******, password=******} ], preferredTestQuery -> null, propertyCycle -> 0, statementCacheNumDeferredCloseThreads -> 0, testConnectionOnCheckin -> false, testConnectionOnCheckout -> false, unreturnedConnectionTimeout -> 0, usesTraditionalReflectiveProxies -> false; userOverrides: {} ], dataSourceName -> null, factoryClassLocation -> null, identityToken -> 1hges5d96og1jrlbnluzo|3e10dc6, numHelperThreads -> 3 ]
2014-12-17 15:55:42 INFO  Dialect:145 - HHH000400: Using dialect: org.hibernate.dialect.MySQLDialect
2014-12-17 15:55:42 INFO  LobCreatorBuilder:97 - HHH000423: Disabling contextual LOB creation as JDBC driver reported JDBC version [3] less than 4
2014-12-17 15:55:42 INFO  ASTQueryTranslatorFactory:47 - HHH000397: Using ASTQueryTranslatorFactory
2014-12-17 15:55:43 INFO  SchemaUpdate:182 - HHH000228: Running hbm2ddl schema update
2014-12-17 15:55:43 INFO  SchemaUpdate:193 - HHH000102: Fetching database metadata
2014-12-17 15:55:43 INFO  SchemaUpdate:205 - HHH000396: Updating schema
2014-12-17 15:55:43 INFO  TableMetadata:66 - HHH000261: Table found: urlEntry.urlentry
2014-12-17 15:55:43 INFO  TableMetadata:67 - HHH000037: Columns: [parent, score, isinter, id, url]
2014-12-17 15:55:43 INFO  TableMetadata:69 - HHH000108: Foreign keys: []
2014-12-17 15:55:43 INFO  TableMetadata:70 - HHH000126: Indexes: [primary]
2014-12-17 15:55:43 INFO  SchemaUpdate:242 - HHH000232: Schema update complete
2014-12-17 15:55:43 WARN  HqlSqlWalker:995 - [DEPRECATION] Encountered positional parameter near line 1, column 55.  Positional parameter are considered deprecated; use named parameters or JPA-style positional parameters instead.
2014-12-17 15:55:43 INFO  QueuePriorityAlgorithm:80 - size of seed urls: 26
2014-12-17 15:55:44 INFO  QueuePriorityAlgorithm:80 - size of seed urls: 25
2014-12-17 15:55:45 INFO  QueuePriorityAlgorithm:80 - size of seed urls: 24
2014-12-17 15:55:46 INFO  QueuePriorityAlgorithm:80 - size of seed urls: 23
2014-12-17 15:55:48 INFO  QueuePriorityAlgorithm:80 - size of seed urls: 22
2014-12-17 15:55:49 INFO  QueuePriorityAlgorithm:80 - size of seed urls: 21
2014-12-17 15:55:49 INFO  QueuePriorityAlgorithm:80 - size of seed urls: 20
2014-12-17 15:55:50 INFO  QueuePriorityAlgorithm:80 - size of seed urls: 19
2014-12-17 15:55:51 INFO  QueuePriorityAlgorithm:80 - size of seed urls: 18
2014-12-17 15:55:58 INFO  QueuePriorityAlgorithm:80 - size of seed urls: 17
2014-12-17 15:55:59 ERROR QueuePriorityAlgorithm:135 - error with getting child urls 
java.net.UnknownHostException: cypherschoolportal.com
	at java.net.AbstractPlainSocketImpl.connect(Unknown Source)
	at java.net.PlainSocketImpl.connect(Unknown Source)
	at java.net.SocksSocketImpl.connect(Unknown Source)
	at java.net.Socket.connect(Unknown Source)
	at sun.net.NetworkClient.doConnect(Unknown Source)
	at sun.net.www.http.HttpClient.openServer(Unknown Source)
	at sun.net.www.http.HttpClient.openServer(Unknown Source)
	at sun.net.www.http.HttpClient.<init>(Unknown Source)
	at sun.net.www.http.HttpClient.New(Unknown Source)
	at sun.net.www.http.HttpClient.New(Unknown Source)
	at sun.net.www.protocol.http.HttpURLConnection.getNewHttpClient(Unknown Source)
	at sun.net.www.protocol.http.HttpURLConnection.plainConnect0(Unknown Source)
	at sun.net.www.protocol.http.HttpURLConnection.plainConnect(Unknown Source)
	at sun.net.www.protocol.http.HttpURLConnection.connect(Unknown Source)
	at org.jsoup.helper.HttpConnection$Response.execute(HttpConnection.java:439)
	at org.jsoup.helper.HttpConnection$Response.execute(HttpConnection.java:424)
	at org.jsoup.helper.HttpConnection.execute(HttpConnection.java:178)
	at org.jsoup.helper.HttpConnection.get(HttpConnection.java:167)
	at com.hrant.crawler.QueuePriorityAlgorithm.getAllLinksInPage(QueuePriorityAlgorithm.java:184)
	at com.hrant.crawler.QueuePriorityAlgorithm.queuePriorityAlgorithmLogic(QueuePriorityAlgorithm.java:89)
	at com.hrant.crawler.QueuePriorityAlgorithm.main(QueuePriorityAlgorithm.java:47)
2014-12-17 15:55:59 INFO  QueuePriorityAlgorithm:80 - size of seed urls: 16
2014-12-17 15:55:59 INFO  QueuePriorityAlgorithm:80 - size of seed urls: 15
2014-12-17 15:56:00 INFO  QueuePriorityAlgorithm:80 - size of seed urls: 14
2014-12-17 15:56:01 INFO  QueuePriorityAlgorithm:80 - size of seed urls: 13
2014-12-17 15:56:02 INFO  QueuePriorityAlgorithm:80 - size of seed urls: 12
2014-12-17 15:56:02 INFO  QueuePriorityAlgorithm:80 - size of seed urls: 11
2014-12-17 15:56:03 INFO  QueuePriorityAlgorithm:80 - size of seed urls: 10
2014-12-17 15:56:04 INFO  QueuePriorityAlgorithm:80 - size of seed urls: 9
2014-12-17 15:56:05 INFO  QueuePriorityAlgorithm:80 - size of seed urls: 8
2014-12-17 15:56:06 INFO  QueuePriorityAlgorithm:80 - size of seed urls: 7
2014-12-17 15:56:07 INFO  QueuePriorityAlgorithm:80 - size of seed urls: 6
2014-12-17 15:56:08 INFO  QueuePriorityAlgorithm:80 - size of seed urls: 5
2014-12-17 15:56:08 ERROR QueuePriorityAlgorithm:135 - error with getting child urls 
org.jsoup.HttpStatusException: HTTP error fetching URL. Status=404, URL=http://www.cypherincorporated.co.in/software-products/
	at org.jsoup.helper.HttpConnection$Response.execute(HttpConnection.java:449)
	at org.jsoup.helper.HttpConnection$Response.execute(HttpConnection.java:424)
	at org.jsoup.helper.HttpConnection.execute(HttpConnection.java:178)
	at org.jsoup.helper.HttpConnection.get(HttpConnection.java:167)
	at com.hrant.crawler.QueuePriorityAlgorithm.getAllLinksInPage(QueuePriorityAlgorithm.java:184)
	at com.hrant.crawler.QueuePriorityAlgorithm.queuePriorityAlgorithmLogic(QueuePriorityAlgorithm.java:89)
	at com.hrant.crawler.QueuePriorityAlgorithm.main(QueuePriorityAlgorithm.java:47)
2014-12-17 15:56:08 INFO  QueuePriorityAlgorithm:80 - size of seed urls: 4
2014-12-17 15:56:10 INFO  QueuePriorityAlgorithm:80 - size of seed urls: 3
2014-12-17 15:56:11 INFO  QueuePriorityAlgorithm:80 - size of seed urls: 2
2014-12-17 15:56:11 INFO  QueuePriorityAlgorithm:80 - size of seed urls: 1
2014-12-17 15:56:16 INFO  QueuePriorityAlgorithm:80 - size of seed urls: 118
2014-12-17 15:56:17 ERROR QueuePriorityAlgorithm:135 - error with getting child urls 
org.jsoup.HttpStatusException: HTTP error fetching URL. Status=404, URL=https://play.google.com/store/apps/details?id=com.InkcadreTechnosoft.SnatcherAlien
	at org.jsoup.helper.HttpConnection$Response.execute(HttpConnection.java:449)
	at org.jsoup.helper.HttpConnection$Response.execute(HttpConnection.java:465)
	at org.jsoup.helper.HttpConnection$Response.execute(HttpConnection.java:424)
	at org.jsoup.helper.HttpConnection.execute(HttpConnection.java:178)
	at org.jsoup.helper.HttpConnection.get(HttpConnection.java:167)
	at com.hrant.crawler.QueuePriorityAlgorithm.getAllLinksInPage(QueuePriorityAlgorithm.java:184)
	at com.hrant.crawler.QueuePriorityAlgorithm.queuePriorityAlgorithmLogic(QueuePriorityAlgorithm.java:89)
	at com.hrant.crawler.QueuePriorityAlgorithm.main(QueuePriorityAlgorithm.java:47)
2014-12-17 15:56:17 INFO  QueuePriorityAlgorithm:80 - size of seed urls: 117
2014-12-17 15:56:17 INFO  QueuePriorityAlgorithm:80 - size of seed urls: 116
2014-12-17 15:56:18 INFO  QueuePriorityAlgorithm:80 - size of seed urls: 115
2014-12-17 15:56:18 INFO  QueuePriorityAlgorithm:80 - size of seed urls: 114
2014-12-17 15:56:19 INFO  QueuePriorityAlgorithm:80 - size of seed urls: 113
2014-12-17 15:56:20 INFO  QueuePriorityAlgorithm:80 - size of seed urls: 112
2014-12-17 15:56:20 INFO  QueuePriorityAlgorithm:80 - size of seed urls: 111
2014-12-17 15:56:21 INFO  QueuePriorityAlgorithm:80 - size of seed urls: 110
