2014-12-17 14:30:11 INFO  QueuePriorityAlgorithm:80 - size of seed urls: 1
2014-12-17 14:30:14 WARN  HibernatePersistence:58 - HHH015016: Encountered a deprecated javax.persistence.spi.PersistenceProvider [org.hibernate.ejb.HibernatePersistence]; use [org.hibernate.jpa.HibernatePersistenceProvider] instead.
2014-12-17 14:30:14 WARN  HibernatePersistence:58 - HHH015016: Encountered a deprecated javax.persistence.spi.PersistenceProvider [org.hibernate.ejb.HibernatePersistence]; use [org.hibernate.jpa.HibernatePersistenceProvider] instead.
2014-12-17 14:30:14 WARN  HibernatePersistence:58 - HHH015016: Encountered a deprecated javax.persistence.spi.PersistenceProvider [org.hibernate.ejb.HibernatePersistence]; use [org.hibernate.jpa.HibernatePersistenceProvider] instead.
2014-12-17 14:30:14 INFO  LogHelper:46 - HHH000204: Processing PersistenceUnitInfo [
	name: urlEntry
	...]
2014-12-17 14:30:15 INFO  Version:54 - HHH000412: Hibernate Core {4.3.3.Final}
2014-12-17 14:30:15 INFO  Environment:239 - HHH000206: hibernate.properties not found
2014-12-17 14:30:15 INFO  Environment:346 - HHH000021: Bytecode provider name : javassist
2014-12-17 14:30:15 INFO  Version:66 - HCANN000001: Hibernate Commons Annotations {4.0.4.Final}
2014-12-17 14:30:15 INFO  C3P0ConnectionProvider:133 - HHH010002: C3P0 using driver: com.mysql.jdbc.Driver at URL: jdbc:mysql://127.0.0.1:3306/urlEntry
2014-12-17 14:30:15 INFO  C3P0ConnectionProvider:134 - HHH000046: Connection properties: {user=root, password=****}
2014-12-17 14:30:15 INFO  C3P0ConnectionProvider:137 - HHH000006: Autocommit mode: false
2014-12-17 14:30:15 INFO  MLog:92 - MLog clients using log4j logging.
2014-12-17 14:30:15 INFO  C3P0Registry:216 - Initializing c3p0-0.9.2.1 [built 20-March-2013 10:47:27 +0000; debug? true; trace: 10]
2014-12-17 14:30:15 INFO  AbstractPoolBackedDataSource:522 - Initializing c3p0 pool... com.mchange.v2.c3p0.PoolBackedDataSource@a6bb2bf9 [ connectionPoolDataSource -> com.mchange.v2.c3p0.WrapperConnectionPoolDataSource@e241a263 [ acquireIncrement -> 3, acquireRetryAttempts -> 30, acquireRetryDelay -> 1000, autoCommitOnClose -> false, automaticTestTable -> null, breakAfterAcquireFailure -> false, checkoutTimeout -> 0, connectionCustomizerClassName -> null, connectionTesterClassName -> com.mchange.v2.c3p0.impl.DefaultConnectionTester, debugUnreturnedConnectionStackTraces -> false, factoryClassLocation -> null, forceIgnoreUnresolvedTransactions -> false, identityToken -> 1hges5d96oczo2v12tnuc5|3b2c0e88, idleConnectionTestPeriod -> 0, initialPoolSize -> 1, maxAdministrativeTaskTime -> 0, maxConnectionAge -> 0, maxIdleTime -> 30, maxIdleTimeExcessConnections -> 0, maxPoolSize -> 12, maxStatements -> 10, maxStatementsPerConnection -> 0, minPoolSize -> 1, nestedDataSource -> com.mchange.v2.c3p0.DriverManagerDataSource@bf5a1410 [ description -> null, driverClass -> null, factoryClassLocation -> null, identityToken -> 1hges5d96oczo2v12tnuc5|45815ffc, jdbcUrl -> jdbc:mysql://127.0.0.1:3306/urlEntry, properties -> {user=******, password=******} ], preferredTestQuery -> null, propertyCycle -> 0, statementCacheNumDeferredCloseThreads -> 0, testConnectionOnCheckin -> false, testConnectionOnCheckout -> false, unreturnedConnectionTimeout -> 0, usesTraditionalReflectiveProxies -> false; userOverrides: {} ], dataSourceName -> null, factoryClassLocation -> null, identityToken -> 1hges5d96oczo2v12tnuc5|7e22550a, numHelperThreads -> 3 ]
2014-12-17 14:30:16 INFO  Dialect:145 - HHH000400: Using dialect: org.hibernate.dialect.MySQLDialect
2014-12-17 14:30:16 INFO  LobCreatorBuilder:97 - HHH000423: Disabling contextual LOB creation as JDBC driver reported JDBC version [3] less than 4
2014-12-17 14:30:16 INFO  ASTQueryTranslatorFactory:47 - HHH000397: Using ASTQueryTranslatorFactory
2014-12-17 14:30:16 INFO  SchemaUpdate:182 - HHH000228: Running hbm2ddl schema update
2014-12-17 14:30:16 INFO  SchemaUpdate:193 - HHH000102: Fetching database metadata
2014-12-17 14:30:16 INFO  SchemaUpdate:205 - HHH000396: Updating schema
2014-12-17 14:30:16 INFO  DatabaseMetaData:147 - HHH000262: Table not found: UrlEntry
2014-12-17 14:30:16 INFO  DatabaseMetaData:147 - HHH000262: Table not found: UrlEntry
2014-12-17 14:30:16 INFO  DatabaseMetaData:147 - HHH000262: Table not found: UrlEntry
2014-12-17 14:30:16 INFO  SchemaUpdate:242 - HHH000232: Schema update complete
2014-12-17 14:30:17 WARN  HqlSqlWalker:995 - [DEPRECATION] Encountered positional parameter near line 1, column 55.  Positional parameter are considered deprecated; use named parameters or JPA-style positional parameters instead.
2014-12-17 14:30:17 INFO  QueuePriorityAlgorithm:80 - size of seed urls: 26
2014-12-17 14:30:18 INFO  QueuePriorityAlgorithm:80 - size of seed urls: 25
2014-12-17 14:30:19 INFO  QueuePriorityAlgorithm:80 - size of seed urls: 24
2014-12-17 14:30:20 INFO  QueuePriorityAlgorithm:80 - size of seed urls: 23
2014-12-17 14:30:22 INFO  QueuePriorityAlgorithm:80 - size of seed urls: 22
2014-12-17 14:30:23 INFO  QueuePriorityAlgorithm:80 - size of seed urls: 21
2014-12-17 14:30:24 INFO  QueuePriorityAlgorithm:80 - size of seed urls: 20
2014-12-17 14:30:25 INFO  QueuePriorityAlgorithm:80 - size of seed urls: 19
2014-12-17 14:30:26 INFO  QueuePriorityAlgorithm:80 - size of seed urls: 18
2014-12-17 14:30:39 ERROR QueuePriorityAlgorithm:135 - error with getting child urls 
java.net.SocketTimeoutException: Read timed out
	at java.net.SocketInputStream.socketRead0(Native Method)
	at java.net.SocketInputStream.read(Unknown Source)
	at java.net.SocketInputStream.read(Unknown Source)
	at java.io.BufferedInputStream.fill(Unknown Source)
	at java.io.BufferedInputStream.read1(Unknown Source)
	at java.io.BufferedInputStream.read(Unknown Source)
	at sun.net.www.http.HttpClient.parseHTTPHeader(Unknown Source)
	at sun.net.www.http.HttpClient.parseHTTP(Unknown Source)
	at sun.net.www.protocol.http.HttpURLConnection.getInputStream0(Unknown Source)
	at sun.net.www.protocol.http.HttpURLConnection.getInputStream(Unknown Source)
	at java.net.HttpURLConnection.getResponseCode(Unknown Source)
	at org.jsoup.helper.HttpConnection$Response.execute(HttpConnection.java:443)
	at org.jsoup.helper.HttpConnection$Response.execute(HttpConnection.java:465)
	at org.jsoup.helper.HttpConnection$Response.execute(HttpConnection.java:424)
	at org.jsoup.helper.HttpConnection.execute(HttpConnection.java:178)
	at org.jsoup.helper.HttpConnection.get(HttpConnection.java:167)
	at com.hrant.crawler.QueuePriorityAlgorithm.getAllLinksInPage(QueuePriorityAlgorithm.java:184)
	at com.hrant.crawler.QueuePriorityAlgorithm.queuePriorityAlgorithmLogic(QueuePriorityAlgorithm.java:89)
	at com.hrant.crawler.QueuePriorityAlgorithm.main(QueuePriorityAlgorithm.java:47)
2014-12-17 14:30:39 INFO  QueuePriorityAlgorithm:80 - size of seed urls: 17
2014-12-17 14:30:39 ERROR QueuePriorityAlgorithm:135 - error with getting child urls 
java.net.UnknownHostException: cypherschoolportal.com
	at java.net.AbstractPlainSocketImpl.connect(Unknown Source)
	at java.net.PlainSocketImpl.connect(Unknown Source)
	at java.net.SocksSocketImpl.connect(Unknown Source)
	at java.net.Socket.connect(Unknown Source)
	at sun.net.NetworkClient.doConnect(Unknown Source)
	at sun.net.www.http.HttpClient.openServer(Unknown Source)
	at sun.net.www.http.HttpClient.openServer(Unknown Source)
	at sun.net.www.http.HttpClient.<init>(Unknown Source)
	at sun.net.www.http.HttpClient.New(Unknown Source)
	at sun.net.www.http.HttpClient.New(Unknown Source)
	at sun.net.www.protocol.http.HttpURLConnection.getNewHttpClient(Unknown Source)
	at sun.net.www.protocol.http.HttpURLConnection.plainConnect0(Unknown Source)
	at sun.net.www.protocol.http.HttpURLConnection.plainConnect(Unknown Source)
	at sun.net.www.protocol.http.HttpURLConnection.connect(Unknown Source)
	at org.jsoup.helper.HttpConnection$Response.execute(HttpConnection.java:439)
	at org.jsoup.helper.HttpConnection$Response.execute(HttpConnection.java:424)
	at org.jsoup.helper.HttpConnection.execute(HttpConnection.java:178)
	at org.jsoup.helper.HttpConnection.get(HttpConnection.java:167)
	at com.hrant.crawler.QueuePriorityAlgorithm.getAllLinksInPage(QueuePriorityAlgorithm.java:184)
	at com.hrant.crawler.QueuePriorityAlgorithm.queuePriorityAlgorithmLogic(QueuePriorityAlgorithm.java:89)
	at com.hrant.crawler.QueuePriorityAlgorithm.main(QueuePriorityAlgorithm.java:47)
2014-12-17 14:30:39 INFO  QueuePriorityAlgorithm:80 - size of seed urls: 16
2014-12-17 14:30:40 INFO  QueuePriorityAlgorithm:80 - size of seed urls: 15
2014-12-17 14:30:41 INFO  QueuePriorityAlgorithm:80 - size of seed urls: 14
2014-12-17 14:30:42 INFO  QueuePriorityAlgorithm:80 - size of seed urls: 13
2014-12-17 14:30:43 INFO  QueuePriorityAlgorithm:80 - size of seed urls: 12
2014-12-17 14:30:44 INFO  QueuePriorityAlgorithm:80 - size of seed urls: 11
2014-12-17 14:30:45 INFO  QueuePriorityAlgorithm:80 - size of seed urls: 10
2014-12-17 14:30:45 INFO  QueuePriorityAlgorithm:80 - size of seed urls: 9
2014-12-17 14:30:47 INFO  QueuePriorityAlgorithm:80 - size of seed urls: 8
2014-12-17 14:30:48 INFO  QueuePriorityAlgorithm:80 - size of seed urls: 7
2014-12-17 14:30:49 INFO  QueuePriorityAlgorithm:80 - size of seed urls: 6
2014-12-17 14:30:50 INFO  QueuePriorityAlgorithm:80 - size of seed urls: 5
2014-12-17 14:30:51 ERROR QueuePriorityAlgorithm:135 - error with getting child urls 
org.jsoup.HttpStatusException: HTTP error fetching URL. Status=404, URL=http://www.cypherincorporated.co.in/software-products/
	at org.jsoup.helper.HttpConnection$Response.execute(HttpConnection.java:449)
	at org.jsoup.helper.HttpConnection$Response.execute(HttpConnection.java:424)
	at org.jsoup.helper.HttpConnection.execute(HttpConnection.java:178)
	at org.jsoup.helper.HttpConnection.get(HttpConnection.java:167)
	at com.hrant.crawler.QueuePriorityAlgorithm.getAllLinksInPage(QueuePriorityAlgorithm.java:184)
	at com.hrant.crawler.QueuePriorityAlgorithm.queuePriorityAlgorithmLogic(QueuePriorityAlgorithm.java:89)
	at com.hrant.crawler.QueuePriorityAlgorithm.main(QueuePriorityAlgorithm.java:47)
2014-12-17 14:30:51 INFO  QueuePriorityAlgorithm:80 - size of seed urls: 4
2014-12-17 14:30:52 INFO  QueuePriorityAlgorithm:80 - size of seed urls: 3
2014-12-17 14:30:53 INFO  QueuePriorityAlgorithm:80 - size of seed urls: 2
2014-12-17 14:30:54 INFO  QueuePriorityAlgorithm:80 - size of seed urls: 1
2014-12-17 14:30:58 INFO  QueuePriorityAlgorithm:80 - size of seed urls: 103
2014-12-17 14:30:58 ERROR QueuePriorityAlgorithm:135 - error with getting child urls 
org.jsoup.HttpStatusException: HTTP error fetching URL. Status=404, URL=https://play.google.com/store/apps/details?id=com.InkcadreTechnosoft.SnatcherAlien
	at org.jsoup.helper.HttpConnection$Response.execute(HttpConnection.java:449)
	at org.jsoup.helper.HttpConnection$Response.execute(HttpConnection.java:465)
	at org.jsoup.helper.HttpConnection$Response.execute(HttpConnection.java:424)
	at org.jsoup.helper.HttpConnection.execute(HttpConnection.java:178)
	at org.jsoup.helper.HttpConnection.get(HttpConnection.java:167)
	at com.hrant.crawler.QueuePriorityAlgorithm.getAllLinksInPage(QueuePriorityAlgorithm.java:184)
	at com.hrant.crawler.QueuePriorityAlgorithm.queuePriorityAlgorithmLogic(QueuePriorityAlgorithm.java:89)
	at com.hrant.crawler.QueuePriorityAlgorithm.main(QueuePriorityAlgorithm.java:47)
2014-12-17 14:30:58 INFO  QueuePriorityAlgorithm:80 - size of seed urls: 102
2014-12-17 14:30:59 INFO  QueuePriorityAlgorithm:80 - size of seed urls: 101
2014-12-17 14:30:59 INFO  QueuePriorityAlgorithm:80 - size of seed urls: 100
2014-12-17 14:31:00 INFO  QueuePriorityAlgorithm:80 - size of seed urls: 99
2014-12-17 14:31:00 INFO  QueuePriorityAlgorithm:80 - size of seed urls: 98
2014-12-17 14:31:01 INFO  QueuePriorityAlgorithm:80 - size of seed urls: 97
2014-12-17 14:31:01 INFO  QueuePriorityAlgorithm:80 - size of seed urls: 96
2014-12-17 14:31:02 INFO  QueuePriorityAlgorithm:80 - size of seed urls: 95
2014-12-17 14:31:03 INFO  QueuePriorityAlgorithm:80 - size of seed urls: 94
2014-12-17 14:31:03 INFO  QueuePriorityAlgorithm:80 - size of seed urls: 93
2014-12-17 14:31:04 INFO  QueuePriorityAlgorithm:80 - size of seed urls: 92
2014-12-17 14:31:05 INFO  QueuePriorityAlgorithm:80 - size of seed urls: 91
2014-12-17 14:31:05 INFO  QueuePriorityAlgorithm:80 - size of seed urls: 90
2014-12-17 14:31:05 INFO  QueuePriorityAlgorithm:80 - size of seed urls: 89
2014-12-17 14:31:06 INFO  QueuePriorityAlgorithm:80 - size of seed urls: 88
2014-12-17 14:31:06 INFO  QueuePriorityAlgorithm:80 - size of seed urls: 87
2014-12-17 14:31:06 INFO  QueuePriorityAlgorithm:80 - size of seed urls: 86
2014-12-17 14:31:06 INFO  QueuePriorityAlgorithm:80 - size of seed urls: 85
2014-12-17 14:31:07 INFO  QueuePriorityAlgorithm:80 - size of seed urls: 84
2014-12-17 14:31:08 INFO  QueuePriorityAlgorithm:80 - size of seed urls: 83
2014-12-17 14:31:08 INFO  QueuePriorityAlgorithm:80 - size of seed urls: 82
2014-12-17 14:31:09 INFO  QueuePriorityAlgorithm:80 - size of seed urls: 81
2014-12-17 14:31:09 INFO  QueuePriorityAlgorithm:80 - size of seed urls: 80
2014-12-17 14:31:10 INFO  QueuePriorityAlgorithm:80 - size of seed urls: 79
2014-12-17 14:31:10 INFO  QueuePriorityAlgorithm:80 - size of seed urls: 78
2014-12-17 14:31:10 INFO  QueuePriorityAlgorithm:80 - size of seed urls: 77
2014-12-17 14:31:10 INFO  QueuePriorityAlgorithm:80 - size of seed urls: 76
2014-12-17 14:31:11 INFO  QueuePriorityAlgorithm:80 - size of seed urls: 75
2014-12-17 14:31:11 INFO  QueuePriorityAlgorithm:80 - size of seed urls: 74
2014-12-17 14:31:12 INFO  QueuePriorityAlgorithm:80 - size of seed urls: 73
2014-12-17 14:31:12 INFO  QueuePriorityAlgorithm:80 - size of seed urls: 72
2014-12-17 14:31:13 INFO  QueuePriorityAlgorithm:80 - size of seed urls: 71
2014-12-17 14:31:13 INFO  QueuePriorityAlgorithm:80 - size of seed urls: 70
2014-12-17 14:31:14 INFO  QueuePriorityAlgorithm:80 - size of seed urls: 69
2014-12-17 14:31:14 INFO  QueuePriorityAlgorithm:80 - size of seed urls: 68
2014-12-17 14:31:15 INFO  QueuePriorityAlgorithm:80 - size of seed urls: 67
2014-12-17 14:31:16 INFO  QueuePriorityAlgorithm:80 - size of seed urls: 66
2014-12-17 14:31:16 INFO  QueuePriorityAlgorithm:80 - size of seed urls: 65
2014-12-17 14:31:24 INFO  QueuePriorityAlgorithm:80 - size of seed urls: 64
2014-12-17 14:31:25 INFO  QueuePriorityAlgorithm:80 - size of seed urls: 63
2014-12-17 14:31:26 INFO  QueuePriorityAlgorithm:80 - size of seed urls: 62
2014-12-17 14:31:27 INFO  QueuePriorityAlgorithm:80 - size of seed urls: 61
2014-12-17 14:31:27 ERROR QueuePriorityAlgorithm:135 - error with getting child urls 
java.net.UnknownHostException: www.giftofdivine.com
	at java.net.AbstractPlainSocketImpl.connect(Unknown Source)
	at java.net.PlainSocketImpl.connect(Unknown Source)
	at java.net.SocksSocketImpl.connect(Unknown Source)
	at java.net.Socket.connect(Unknown Source)
	at sun.net.NetworkClient.doConnect(Unknown Source)
	at sun.net.www.http.HttpClient.openServer(Unknown Source)
	at sun.net.www.http.HttpClient.openServer(Unknown Source)
	at sun.net.www.http.HttpClient.<init>(Unknown Source)
	at sun.net.www.http.HttpClient.New(Unknown Source)
	at sun.net.www.http.HttpClient.New(Unknown Source)
	at sun.net.www.protocol.http.HttpURLConnection.getNewHttpClient(Unknown Source)
	at sun.net.www.protocol.http.HttpURLConnection.plainConnect0(Unknown Source)
	at sun.net.www.protocol.http.HttpURLConnection.plainConnect(Unknown Source)
	at sun.net.www.protocol.http.HttpURLConnection.connect(Unknown Source)
	at org.jsoup.helper.HttpConnection$Response.execute(HttpConnection.java:439)
	at org.jsoup.helper.HttpConnection$Response.execute(HttpConnection.java:424)
	at org.jsoup.helper.HttpConnection.execute(HttpConnection.java:178)
	at org.jsoup.helper.HttpConnection.get(HttpConnection.java:167)
	at com.hrant.crawler.QueuePriorityAlgorithm.getAllLinksInPage(QueuePriorityAlgorithm.java:184)
	at com.hrant.crawler.QueuePriorityAlgorithm.queuePriorityAlgorithmLogic(QueuePriorityAlgorithm.java:89)
	at com.hrant.crawler.QueuePriorityAlgorithm.main(QueuePriorityAlgorithm.java:47)
2014-12-17 14:31:27 INFO  QueuePriorityAlgorithm:80 - size of seed urls: 60
2014-12-17 14:31:30 INFO  QueuePriorityAlgorithm:80 - size of seed urls: 59
2014-12-17 14:31:31 INFO  QueuePriorityAlgorithm:80 - size of seed urls: 58
2014-12-17 14:31:32 INFO  QueuePriorityAlgorithm:80 - size of seed urls: 57
2014-12-17 14:31:33 INFO  QueuePriorityAlgorithm:80 - size of seed urls: 56
2014-12-17 14:31:35 INFO  QueuePriorityAlgorithm:80 - size of seed urls: 55
2014-12-17 14:31:35 INFO  QueuePriorityAlgorithm:80 - size of seed urls: 54
2014-12-17 14:31:36 INFO  QueuePriorityAlgorithm:80 - size of seed urls: 53
2014-12-17 14:31:37 INFO  QueuePriorityAlgorithm:80 - size of seed urls: 52
2014-12-17 14:31:39 INFO  QueuePriorityAlgorithm:80 - size of seed urls: 51
2014-12-17 14:31:39 INFO  QueuePriorityAlgorithm:80 - size of seed urls: 50
2014-12-17 14:31:41 INFO  QueuePriorityAlgorithm:80 - size of seed urls: 49
2014-12-17 14:31:42 INFO  QueuePriorityAlgorithm:80 - size of seed urls: 48
2014-12-17 14:31:43 INFO  QueuePriorityAlgorithm:80 - size of seed urls: 47
2014-12-17 14:31:45 INFO  QueuePriorityAlgorithm:80 - size of seed urls: 46
2014-12-17 14:31:45 INFO  QueuePriorityAlgorithm:80 - size of seed urls: 45
2014-12-17 14:31:46 INFO  QueuePriorityAlgorithm:80 - size of seed urls: 44
2014-12-17 14:31:47 INFO  QueuePriorityAlgorithm:80 - size of seed urls: 43
2014-12-17 14:31:48 INFO  QueuePriorityAlgorithm:80 - size of seed urls: 42
2014-12-17 14:31:49 INFO  QueuePriorityAlgorithm:80 - size of seed urls: 41
2014-12-17 14:31:51 INFO  QueuePriorityAlgorithm:80 - size of seed urls: 40
2014-12-17 14:31:52 INFO  QueuePriorityAlgorithm:80 - size of seed urls: 39
2014-12-17 14:31:53 INFO  QueuePriorityAlgorithm:80 - size of seed urls: 38
2014-12-17 14:31:53 INFO  QueuePriorityAlgorithm:80 - size of seed urls: 37
2014-12-17 14:31:54 INFO  QueuePriorityAlgorithm:80 - size of seed urls: 36
2014-12-17 14:31:56 INFO  QueuePriorityAlgorithm:80 - size of seed urls: 35
2014-12-17 14:31:57 INFO  QueuePriorityAlgorithm:80 - size of seed urls: 34
2014-12-17 14:31:57 INFO  QueuePriorityAlgorithm:80 - size of seed urls: 33
2014-12-17 14:31:58 INFO  QueuePriorityAlgorithm:80 - size of seed urls: 32
2014-12-17 14:31:58 INFO  QueuePriorityAlgorithm:80 - size of seed urls: 31
2014-12-17 14:31:59 INFO  QueuePriorityAlgorithm:80 - size of seed urls: 30
2014-12-17 14:32:00 INFO  QueuePriorityAlgorithm:80 - size of seed urls: 29
2014-12-17 14:32:01 INFO  QueuePriorityAlgorithm:80 - size of seed urls: 28
2014-12-17 14:32:04 INFO  QueuePriorityAlgorithm:80 - size of seed urls: 27
2014-12-17 14:32:05 INFO  QueuePriorityAlgorithm:80 - size of seed urls: 26
2014-12-17 14:32:07 INFO  QueuePriorityAlgorithm:80 - size of seed urls: 25
2014-12-17 14:32:08 INFO  QueuePriorityAlgorithm:80 - size of seed urls: 24
2014-12-17 14:32:09 INFO  QueuePriorityAlgorithm:80 - size of seed urls: 23
2014-12-17 14:32:11 INFO  QueuePriorityAlgorithm:80 - size of seed urls: 22
2014-12-17 14:32:12 INFO  QueuePriorityAlgorithm:80 - size of seed urls: 21
2014-12-17 14:32:13 INFO  QueuePriorityAlgorithm:80 - size of seed urls: 20
2014-12-17 14:32:15 INFO  QueuePriorityAlgorithm:80 - size of seed urls: 19
2014-12-17 14:32:16 INFO  QueuePriorityAlgorithm:80 - size of seed urls: 18
2014-12-17 14:32:17 INFO  QueuePriorityAlgorithm:80 - size of seed urls: 17
2014-12-17 14:32:17 INFO  QueuePriorityAlgorithm:80 - size of seed urls: 16
2014-12-17 14:32:18 INFO  QueuePriorityAlgorithm:80 - size of seed urls: 15
2014-12-17 14:32:18 INFO  QueuePriorityAlgorithm:80 - size of seed urls: 14
2014-12-17 14:32:19 INFO  QueuePriorityAlgorithm:80 - size of seed urls: 13
2014-12-17 14:32:20 INFO  QueuePriorityAlgorithm:80 - size of seed urls: 12
2014-12-17 14:32:21 INFO  QueuePriorityAlgorithm:80 - size of seed urls: 11
2014-12-17 14:32:21 INFO  QueuePriorityAlgorithm:80 - size of seed urls: 10
2014-12-17 14:32:21 INFO  QueuePriorityAlgorithm:80 - size of seed urls: 9
2014-12-17 14:32:23 INFO  QueuePriorityAlgorithm:80 - size of seed urls: 8
2014-12-17 14:32:24 INFO  QueuePriorityAlgorithm:80 - size of seed urls: 7
2014-12-17 14:32:25 INFO  QueuePriorityAlgorithm:80 - size of seed urls: 6
2014-12-17 14:32:26 INFO  QueuePriorityAlgorithm:80 - size of seed urls: 5
2014-12-17 14:32:27 INFO  QueuePriorityAlgorithm:80 - size of seed urls: 4
2014-12-17 14:32:28 INFO  QueuePriorityAlgorithm:80 - size of seed urls: 3
2014-12-17 14:32:28 INFO  QueuePriorityAlgorithm:80 - size of seed urls: 2
2014-12-17 14:32:29 INFO  QueuePriorityAlgorithm:80 - size of seed urls: 1
2014-12-17 14:32:34 INFO  QueuePriorityAlgorithm:80 - size of seed urls: 1970
2014-12-17 14:32:36 INFO  QueuePriorityAlgorithm:80 - size of seed urls: 1969
2014-12-17 14:32:39 INFO  QueuePriorityAlgorithm:80 - size of seed urls: 1968
2014-12-17 14:32:40 INFO  QueuePriorityAlgorithm:80 - size of seed urls: 1967
2014-12-17 14:32:41 INFO  QueuePriorityAlgorithm:80 - size of seed urls: 1966
2014-12-17 14:32:43 INFO  QueuePriorityAlgorithm:80 - size of seed urls: 1965
2014-12-17 14:32:43 INFO  QueuePriorityAlgorithm:80 - size of seed urls: 1964
2014-12-17 14:32:45 INFO  QueuePriorityAlgorithm:80 - size of seed urls: 1963
2014-12-17 14:32:47 INFO  QueuePriorityAlgorithm:80 - size of seed urls: 1962
2014-12-17 14:32:49 INFO  QueuePriorityAlgorithm:80 - size of seed urls: 1961
2014-12-17 14:32:51 INFO  QueuePriorityAlgorithm:80 - size of seed urls: 1960
2014-12-17 14:32:52 INFO  QueuePriorityAlgorithm:80 - size of seed urls: 1959
2014-12-17 14:32:52 INFO  QueuePriorityAlgorithm:80 - size of seed urls: 1958
2014-12-17 14:32:53 INFO  QueuePriorityAlgorithm:80 - size of seed urls: 1957
2014-12-17 14:32:55 INFO  QueuePriorityAlgorithm:80 - size of seed urls: 1956
2014-12-17 14:32:56 INFO  QueuePriorityAlgorithm:80 - size of seed urls: 1955
2014-12-17 14:32:59 INFO  QueuePriorityAlgorithm:80 - size of seed urls: 1954
2014-12-17 14:33:03 INFO  QueuePriorityAlgorithm:80 - size of seed urls: 1953
2014-12-17 14:33:05 INFO  QueuePriorityAlgorithm:80 - size of seed urls: 1952
2014-12-17 14:33:06 INFO  QueuePriorityAlgorithm:80 - size of seed urls: 1951
2014-12-17 14:33:07 INFO  QueuePriorityAlgorithm:80 - size of seed urls: 1950
2014-12-17 14:33:09 INFO  QueuePriorityAlgorithm:80 - size of seed urls: 1949
2014-12-17 14:33:11 INFO  QueuePriorityAlgorithm:80 - size of seed urls: 1948
2014-12-17 14:33:12 INFO  QueuePriorityAlgorithm:80 - size of seed urls: 1947
2014-12-17 14:33:13 INFO  QueuePriorityAlgorithm:80 - size of seed urls: 1946
2014-12-17 14:33:16 INFO  QueuePriorityAlgorithm:80 - size of seed urls: 1945
2014-12-17 14:33:17 INFO  QueuePriorityAlgorithm:80 - size of seed urls: 1944
2014-12-17 14:33:18 INFO  QueuePriorityAlgorithm:80 - size of seed urls: 1943
2014-12-17 14:33:21 INFO  QueuePriorityAlgorithm:80 - size of seed urls: 1942
2014-12-17 14:33:23 INFO  QueuePriorityAlgorithm:80 - size of seed urls: 1941
2014-12-17 14:33:24 INFO  QueuePriorityAlgorithm:80 - size of seed urls: 1940
2014-12-17 14:33:25 INFO  QueuePriorityAlgorithm:80 - size of seed urls: 1939
2014-12-17 14:33:26 INFO  QueuePriorityAlgorithm:80 - size of seed urls: 1938
2014-12-17 14:33:26 INFO  QueuePriorityAlgorithm:80 - size of seed urls: 1937
2014-12-17 14:33:28 INFO  QueuePriorityAlgorithm:80 - size of seed urls: 1936
2014-12-17 14:33:29 INFO  QueuePriorityAlgorithm:80 - size of seed urls: 1935
2014-12-17 14:33:30 INFO  QueuePriorityAlgorithm:80 - size of seed urls: 1934
2014-12-17 14:33:32 INFO  QueuePriorityAlgorithm:80 - size of seed urls: 1933
2014-12-17 14:33:33 INFO  QueuePriorityAlgorithm:80 - size of seed urls: 1932
2014-12-17 14:33:34 INFO  QueuePriorityAlgorithm:80 - size of seed urls: 1931
2014-12-17 14:33:35 INFO  QueuePriorityAlgorithm:80 - size of seed urls: 1930
2014-12-17 14:33:36 INFO  QueuePriorityAlgorithm:80 - size of seed urls: 1929
2014-12-17 14:33:37 INFO  QueuePriorityAlgorithm:80 - size of seed urls: 1928
2014-12-17 14:33:39 INFO  QueuePriorityAlgorithm:80 - size of seed urls: 1927
2014-12-17 14:33:42 INFO  QueuePriorityAlgorithm:80 - size of seed urls: 1926
2014-12-17 14:33:44 INFO  QueuePriorityAlgorithm:80 - size of seed urls: 1925
2014-12-17 14:33:45 INFO  QueuePriorityAlgorithm:80 - size of seed urls: 1924
2014-12-17 14:33:46 INFO  QueuePriorityAlgorithm:80 - size of seed urls: 1923
2014-12-17 14:33:47 INFO  QueuePriorityAlgorithm:80 - size of seed urls: 1922
2014-12-17 14:33:49 INFO  QueuePriorityAlgorithm:80 - size of seed urls: 1921
2014-12-17 14:33:50 INFO  QueuePriorityAlgorithm:80 - size of seed urls: 1920
2014-12-17 14:33:50 INFO  QueuePriorityAlgorithm:80 - size of seed urls: 1919
2014-12-17 14:33:54 INFO  QueuePriorityAlgorithm:80 - size of seed urls: 1918
2014-12-17 14:33:55 INFO  QueuePriorityAlgorithm:80 - size of seed urls: 1917
2014-12-17 14:33:59 INFO  QueuePriorityAlgorithm:80 - size of seed urls: 1916
2014-12-17 14:34:00 INFO  QueuePriorityAlgorithm:80 - size of seed urls: 1915
2014-12-17 14:34:01 INFO  QueuePriorityAlgorithm:80 - size of seed urls: 1914
2014-12-17 14:34:02 INFO  QueuePriorityAlgorithm:80 - size of seed urls: 1913
2014-12-17 14:34:03 INFO  QueuePriorityAlgorithm:80 - size of seed urls: 1912
2014-12-17 14:34:04 INFO  QueuePriorityAlgorithm:80 - size of seed urls: 1911
2014-12-17 14:34:05 INFO  QueuePriorityAlgorithm:80 - size of seed urls: 1910
2014-12-17 14:34:06 INFO  QueuePriorityAlgorithm:80 - size of seed urls: 1909
2014-12-17 14:34:07 INFO  QueuePriorityAlgorithm:80 - size of seed urls: 1908
2014-12-17 14:34:09 INFO  QueuePriorityAlgorithm:80 - size of seed urls: 1907
2014-12-17 14:34:09 INFO  QueuePriorityAlgorithm:80 - size of seed urls: 1906
2014-12-17 14:34:12 INFO  QueuePriorityAlgorithm:80 - size of seed urls: 1905
2014-12-17 14:34:13 INFO  QueuePriorityAlgorithm:80 - size of seed urls: 1904
2014-12-17 14:34:15 INFO  QueuePriorityAlgorithm:80 - size of seed urls: 1903
2014-12-17 14:34:15 INFO  QueuePriorityAlgorithm:80 - size of seed urls: 1902
2014-12-17 14:34:17 INFO  QueuePriorityAlgorithm:80 - size of seed urls: 1901
2014-12-17 14:34:18 INFO  QueuePriorityAlgorithm:80 - size of seed urls: 1900
2014-12-17 14:34:22 INFO  QueuePriorityAlgorithm:80 - size of seed urls: 1899
2014-12-17 14:34:22 INFO  QueuePriorityAlgorithm:80 - size of seed urls: 1898
2014-12-17 14:34:24 INFO  QueuePriorityAlgorithm:80 - size of seed urls: 1897
2014-12-17 14:34:25 INFO  QueuePriorityAlgorithm:80 - size of seed urls: 1896
2014-12-17 14:34:26 INFO  QueuePriorityAlgorithm:80 - size of seed urls: 1895
2014-12-17 14:34:26 INFO  QueuePriorityAlgorithm:80 - size of seed urls: 1894
2014-12-17 14:34:28 INFO  QueuePriorityAlgorithm:80 - size of seed urls: 1893
2014-12-17 14:34:29 INFO  QueuePriorityAlgorithm:80 - size of seed urls: 1892
2014-12-17 14:34:30 INFO  QueuePriorityAlgorithm:80 - size of seed urls: 1891
2014-12-17 14:34:31 INFO  QueuePriorityAlgorithm:80 - size of seed urls: 1890
2014-12-17 14:34:32 INFO  QueuePriorityAlgorithm:80 - size of seed urls: 1889
2014-12-17 14:34:33 INFO  QueuePriorityAlgorithm:80 - size of seed urls: 1888
2014-12-17 14:34:35 INFO  QueuePriorityAlgorithm:80 - size of seed urls: 1887
2014-12-17 14:34:36 INFO  QueuePriorityAlgorithm:80 - size of seed urls: 1886
2014-12-17 14:34:37 INFO  QueuePriorityAlgorithm:80 - size of seed urls: 1885
2014-12-17 14:34:39 INFO  QueuePriorityAlgorithm:80 - size of seed urls: 1884
2014-12-17 14:34:40 INFO  QueuePriorityAlgorithm:80 - size of seed urls: 1883
2014-12-17 14:34:42 INFO  QueuePriorityAlgorithm:80 - size of seed urls: 1882
2014-12-17 14:34:44 INFO  QueuePriorityAlgorithm:80 - size of seed urls: 1881
2014-12-17 14:34:45 INFO  QueuePriorityAlgorithm:80 - size of seed urls: 1880
2014-12-17 14:34:46 INFO  QueuePriorityAlgorithm:80 - size of seed urls: 1879
2014-12-17 14:34:47 INFO  QueuePriorityAlgorithm:80 - size of seed urls: 1878
2014-12-17 14:34:49 INFO  QueuePriorityAlgorithm:80 - size of seed urls: 1877
2014-12-17 14:34:51 INFO  QueuePriorityAlgorithm:80 - size of seed urls: 1876
2014-12-17 14:34:51 INFO  QueuePriorityAlgorithm:80 - size of seed urls: 1875
2014-12-17 14:34:52 INFO  QueuePriorityAlgorithm:80 - size of seed urls: 1874
2014-12-17 14:34:54 INFO  QueuePriorityAlgorithm:80 - size of seed urls: 1873
2014-12-17 14:34:54 INFO  QueuePriorityAlgorithm:80 - size of seed urls: 1872
2014-12-17 14:34:56 INFO  QueuePriorityAlgorithm:80 - size of seed urls: 1871
2014-12-17 14:34:58 INFO  QueuePriorityAlgorithm:80 - size of seed urls: 1870
2014-12-17 14:34:59 INFO  QueuePriorityAlgorithm:80 - size of seed urls: 1869
2014-12-17 14:35:04 INFO  QueuePriorityAlgorithm:80 - size of seed urls: 1868
2014-12-17 14:35:05 INFO  QueuePriorityAlgorithm:80 - size of seed urls: 1867
2014-12-17 14:35:05 INFO  QueuePriorityAlgorithm:80 - size of seed urls: 1866
2014-12-17 14:35:06 INFO  QueuePriorityAlgorithm:80 - size of seed urls: 1865
2014-12-17 14:35:07 INFO  QueuePriorityAlgorithm:80 - size of seed urls: 1864
2014-12-17 14:35:08 INFO  QueuePriorityAlgorithm:80 - size of seed urls: 1863
2014-12-17 14:35:09 INFO  QueuePriorityAlgorithm:80 - size of seed urls: 1862
2014-12-17 14:35:10 INFO  QueuePriorityAlgorithm:80 - size of seed urls: 1861
2014-12-17 14:35:11 INFO  QueuePriorityAlgorithm:80 - size of seed urls: 1860
2014-12-17 14:35:14 INFO  QueuePriorityAlgorithm:80 - size of seed urls: 1859
2014-12-17 14:35:15 INFO  QueuePriorityAlgorithm:80 - size of seed urls: 1858
2014-12-17 14:35:17 INFO  QueuePriorityAlgorithm:80 - size of seed urls: 1857
2014-12-17 14:35:17 INFO  QueuePriorityAlgorithm:80 - size of seed urls: 1856
2014-12-17 14:35:19 INFO  QueuePriorityAlgorithm:80 - size of seed urls: 1855
2014-12-17 14:35:19 INFO  QueuePriorityAlgorithm:80 - size of seed urls: 1854
2014-12-17 14:35:21 INFO  QueuePriorityAlgorithm:80 - size of seed urls: 1853
2014-12-17 14:35:22 INFO  QueuePriorityAlgorithm:80 - size of seed urls: 1852
2014-12-17 14:35:23 INFO  QueuePriorityAlgorithm:80 - size of seed urls: 1851
2014-12-17 14:35:24 INFO  QueuePriorityAlgorithm:80 - size of seed urls: 1850
2014-12-17 14:35:25 INFO  QueuePriorityAlgorithm:80 - size of seed urls: 1849
2014-12-17 14:35:28 INFO  QueuePriorityAlgorithm:80 - size of seed urls: 1848
2014-12-17 14:35:30 INFO  QueuePriorityAlgorithm:80 - size of seed urls: 1847
2014-12-17 14:35:31 INFO  QueuePriorityAlgorithm:80 - size of seed urls: 1846
2014-12-17 14:35:32 INFO  QueuePriorityAlgorithm:80 - size of seed urls: 1845
2014-12-17 14:35:33 INFO  QueuePriorityAlgorithm:80 - size of seed urls: 1844
2014-12-17 14:35:35 INFO  QueuePriorityAlgorithm:80 - size of seed urls: 1843
2014-12-17 14:35:37 INFO  QueuePriorityAlgorithm:80 - size of seed urls: 1842
2014-12-17 14:35:38 INFO  QueuePriorityAlgorithm:80 - size of seed urls: 1841
2014-12-17 14:35:39 INFO  QueuePriorityAlgorithm:80 - size of seed urls: 1840
2014-12-17 14:35:40 INFO  QueuePriorityAlgorithm:80 - size of seed urls: 1839
2014-12-17 14:35:42 INFO  QueuePriorityAlgorithm:80 - size of seed urls: 1838
2014-12-17 14:35:44 INFO  QueuePriorityAlgorithm:80 - size of seed urls: 1837
2014-12-17 14:35:46 INFO  QueuePriorityAlgorithm:80 - size of seed urls: 1836
2014-12-17 14:35:47 INFO  QueuePriorityAlgorithm:80 - size of seed urls: 1835
2014-12-17 14:35:48 INFO  QueuePriorityAlgorithm:80 - size of seed urls: 1834
2014-12-17 14:35:52 INFO  QueuePriorityAlgorithm:80 - size of seed urls: 1833
2014-12-17 14:35:53 INFO  QueuePriorityAlgorithm:80 - size of seed urls: 1832
2014-12-17 14:35:54 INFO  QueuePriorityAlgorithm:80 - size of seed urls: 1831
2014-12-17 14:35:56 INFO  QueuePriorityAlgorithm:80 - size of seed urls: 1830
2014-12-17 14:35:57 INFO  QueuePriorityAlgorithm:80 - size of seed urls: 1829
2014-12-17 14:35:58 INFO  QueuePriorityAlgorithm:80 - size of seed urls: 1828
2014-12-17 14:35:58 INFO  QueuePriorityAlgorithm:80 - size of seed urls: 1827
2014-12-17 14:35:59 INFO  QueuePriorityAlgorithm:80 - size of seed urls: 1826
2014-12-17 14:36:00 INFO  QueuePriorityAlgorithm:80 - size of seed urls: 1825
2014-12-17 14:36:01 INFO  QueuePriorityAlgorithm:80 - size of seed urls: 1824
2014-12-17 14:36:08 INFO  QueuePriorityAlgorithm:80 - size of seed urls: 1823
2014-12-17 14:36:10 INFO  QueuePriorityAlgorithm:80 - size of seed urls: 1822
2014-12-17 14:36:12 INFO  QueuePriorityAlgorithm:80 - size of seed urls: 1821
2014-12-17 14:36:13 INFO  QueuePriorityAlgorithm:80 - size of seed urls: 1820
2014-12-17 14:36:15 INFO  QueuePriorityAlgorithm:80 - size of seed urls: 1819
2014-12-17 14:36:16 INFO  QueuePriorityAlgorithm:80 - size of seed urls: 1818
2014-12-17 14:36:18 INFO  QueuePriorityAlgorithm:80 - size of seed urls: 1817
2014-12-17 14:36:18 INFO  QueuePriorityAlgorithm:80 - size of seed urls: 1816
2014-12-17 14:36:20 INFO  QueuePriorityAlgorithm:80 - size of seed urls: 1815
2014-12-17 14:36:22 INFO  QueuePriorityAlgorithm:80 - size of seed urls: 1814
2014-12-17 14:36:23 INFO  QueuePriorityAlgorithm:80 - size of seed urls: 1813
2014-12-17 14:36:25 INFO  QueuePriorityAlgorithm:80 - size of seed urls: 1812
2014-12-17 14:36:26 INFO  QueuePriorityAlgorithm:80 - size of seed urls: 1811
2014-12-17 14:36:27 INFO  QueuePriorityAlgorithm:80 - size of seed urls: 1810
2014-12-17 14:36:28 INFO  QueuePriorityAlgorithm:80 - size of seed urls: 1809
2014-12-17 14:36:29 INFO  QueuePriorityAlgorithm:80 - size of seed urls: 1808
2014-12-17 14:36:30 INFO  QueuePriorityAlgorithm:80 - size of seed urls: 1807
2014-12-17 14:36:31 INFO  QueuePriorityAlgorithm:80 - size of seed urls: 1806
2014-12-17 14:36:32 INFO  QueuePriorityAlgorithm:80 - size of seed urls: 1805
2014-12-17 14:36:34 INFO  QueuePriorityAlgorithm:80 - size of seed urls: 1804
2014-12-17 14:36:35 INFO  QueuePriorityAlgorithm:80 - size of seed urls: 1803
2014-12-17 14:36:36 INFO  QueuePriorityAlgorithm:80 - size of seed urls: 1802
2014-12-17 14:36:38 INFO  QueuePriorityAlgorithm:80 - size of seed urls: 1801
2014-12-17 14:36:39 INFO  QueuePriorityAlgorithm:80 - size of seed urls: 1800
2014-12-17 14:36:40 INFO  QueuePriorityAlgorithm:80 - size of seed urls: 1799
2014-12-17 14:36:42 INFO  QueuePriorityAlgorithm:80 - size of seed urls: 1798
2014-12-17 14:36:46 INFO  QueuePriorityAlgorithm:80 - size of seed urls: 1797
2014-12-17 14:36:49 INFO  QueuePriorityAlgorithm:80 - size of seed urls: 1796
2014-12-17 14:36:51 INFO  QueuePriorityAlgorithm:80 - size of seed urls: 1795
2014-12-17 14:36:52 INFO  QueuePriorityAlgorithm:80 - size of seed urls: 1794
2014-12-17 14:36:54 INFO  QueuePriorityAlgorithm:80 - size of seed urls: 1793
2014-12-17 14:36:56 INFO  QueuePriorityAlgorithm:80 - size of seed urls: 1792
2014-12-17 14:36:57 INFO  QueuePriorityAlgorithm:80 - size of seed urls: 1791
2014-12-17 14:36:57 INFO  QueuePriorityAlgorithm:80 - size of seed urls: 1790
2014-12-17 14:36:59 INFO  QueuePriorityAlgorithm:80 - size of seed urls: 1789
2014-12-17 14:37:00 INFO  QueuePriorityAlgorithm:80 - size of seed urls: 1788
2014-12-17 14:37:01 INFO  QueuePriorityAlgorithm:80 - size of seed urls: 1787
2014-12-17 14:37:02 INFO  QueuePriorityAlgorithm:80 - size of seed urls: 1786
2014-12-17 14:37:03 INFO  QueuePriorityAlgorithm:80 - size of seed urls: 1785
2014-12-17 14:37:06 INFO  QueuePriorityAlgorithm:80 - size of seed urls: 1784
2014-12-17 14:37:07 INFO  QueuePriorityAlgorithm:80 - size of seed urls: 1783
2014-12-17 14:37:08 INFO  QueuePriorityAlgorithm:80 - size of seed urls: 1782
2014-12-17 14:37:09 INFO  QueuePriorityAlgorithm:80 - size of seed urls: 1781
2014-12-17 14:37:10 INFO  QueuePriorityAlgorithm:80 - size of seed urls: 1780
2014-12-17 14:37:13 INFO  QueuePriorityAlgorithm:80 - size of seed urls: 1779
2014-12-17 14:37:14 INFO  QueuePriorityAlgorithm:80 - size of seed urls: 1778
2014-12-17 14:37:16 INFO  QueuePriorityAlgorithm:80 - size of seed urls: 1777
2014-12-17 14:37:17 INFO  QueuePriorityAlgorithm:80 - size of seed urls: 1776
2014-12-17 14:37:19 INFO  QueuePriorityAlgorithm:80 - size of seed urls: 1775
2014-12-17 14:37:20 INFO  QueuePriorityAlgorithm:80 - size of seed urls: 1774
2014-12-17 14:37:21 INFO  QueuePriorityAlgorithm:80 - size of seed urls: 1773
2014-12-17 14:37:22 INFO  QueuePriorityAlgorithm:80 - size of seed urls: 1772
2014-12-17 14:37:24 INFO  QueuePriorityAlgorithm:80 - size of seed urls: 1771
2014-12-17 14:37:25 INFO  QueuePriorityAlgorithm:80 - size of seed urls: 1770
2014-12-17 14:37:28 INFO  QueuePriorityAlgorithm:80 - size of seed urls: 1769
2014-12-17 14:37:29 INFO  QueuePriorityAlgorithm:80 - size of seed urls: 1768
2014-12-17 14:37:29 INFO  QueuePriorityAlgorithm:80 - size of seed urls: 1767
2014-12-17 14:37:31 INFO  QueuePriorityAlgorithm:80 - size of seed urls: 1766
2014-12-17 14:37:32 INFO  QueuePriorityAlgorithm:80 - size of seed urls: 1765
2014-12-17 14:37:33 INFO  QueuePriorityAlgorithm:80 - size of seed urls: 1764
2014-12-17 14:37:34 INFO  QueuePriorityAlgorithm:80 - size of seed urls: 1763
2014-12-17 14:37:35 INFO  QueuePriorityAlgorithm:80 - size of seed urls: 1762
2014-12-17 14:37:36 INFO  QueuePriorityAlgorithm:80 - size of seed urls: 1761
2014-12-17 14:37:38 INFO  QueuePriorityAlgorithm:80 - size of seed urls: 1760
2014-12-17 14:37:39 INFO  QueuePriorityAlgorithm:80 - size of seed urls: 1759
2014-12-17 14:37:40 INFO  QueuePriorityAlgorithm:80 - size of seed urls: 1758
2014-12-17 14:37:42 INFO  QueuePriorityAlgorithm:80 - size of seed urls: 1757
2014-12-17 14:37:42 INFO  QueuePriorityAlgorithm:80 - size of seed urls: 1756
2014-12-17 14:37:44 INFO  QueuePriorityAlgorithm:80 - size of seed urls: 1755
2014-12-17 14:37:45 INFO  QueuePriorityAlgorithm:80 - size of seed urls: 1754
2014-12-17 14:37:47 INFO  QueuePriorityAlgorithm:80 - size of seed urls: 1753
2014-12-17 14:37:51 INFO  QueuePriorityAlgorithm:80 - size of seed urls: 1752
2014-12-17 14:37:51 INFO  QueuePriorityAlgorithm:80 - size of seed urls: 1751
2014-12-17 14:37:55 INFO  QueuePriorityAlgorithm:80 - size of seed urls: 1750
2014-12-17 14:37:56 INFO  QueuePriorityAlgorithm:80 - size of seed urls: 1749
2014-12-17 14:37:57 INFO  QueuePriorityAlgorithm:80 - size of seed urls: 1748
2014-12-17 14:37:58 INFO  QueuePriorityAlgorithm:80 - size of seed urls: 1747
2014-12-17 14:37:59 INFO  QueuePriorityAlgorithm:80 - size of seed urls: 1746
2014-12-17 14:38:00 INFO  QueuePriorityAlgorithm:80 - size of seed urls: 1745
2014-12-17 14:38:00 INFO  QueuePriorityAlgorithm:80 - size of seed urls: 1744
2014-12-17 14:38:02 INFO  QueuePriorityAlgorithm:80 - size of seed urls: 1743
2014-12-17 14:38:03 INFO  QueuePriorityAlgorithm:80 - size of seed urls: 1742
2014-12-17 14:38:05 INFO  QueuePriorityAlgorithm:80 - size of seed urls: 1741
2014-12-17 14:38:06 INFO  QueuePriorityAlgorithm:80 - size of seed urls: 1740
2014-12-17 14:38:08 INFO  QueuePriorityAlgorithm:80 - size of seed urls: 1739
2014-12-17 14:38:09 INFO  QueuePriorityAlgorithm:80 - size of seed urls: 1738
2014-12-17 14:38:11 INFO  QueuePriorityAlgorithm:80 - size of seed urls: 1737
2014-12-17 14:38:12 INFO  QueuePriorityAlgorithm:80 - size of seed urls: 1736
2014-12-17 14:38:15 INFO  QueuePriorityAlgorithm:80 - size of seed urls: 1735
2014-12-17 14:38:17 INFO  QueuePriorityAlgorithm:80 - size of seed urls: 1734
2014-12-17 14:38:18 INFO  QueuePriorityAlgorithm:80 - size of seed urls: 1733
2014-12-17 14:38:20 INFO  QueuePriorityAlgorithm:80 - size of seed urls: 1732
2014-12-17 14:38:21 INFO  QueuePriorityAlgorithm:80 - size of seed urls: 1731
2014-12-17 14:38:22 INFO  QueuePriorityAlgorithm:80 - size of seed urls: 1730
2014-12-17 14:38:24 INFO  QueuePriorityAlgorithm:80 - size of seed urls: 1729
2014-12-17 14:38:25 INFO  QueuePriorityAlgorithm:80 - size of seed urls: 1728
2014-12-17 14:38:26 INFO  QueuePriorityAlgorithm:80 - size of seed urls: 1727
2014-12-17 14:38:28 INFO  QueuePriorityAlgorithm:80 - size of seed urls: 1726
2014-12-17 14:38:29 INFO  QueuePriorityAlgorithm:80 - size of seed urls: 1725
2014-12-17 14:38:30 INFO  QueuePriorityAlgorithm:80 - size of seed urls: 1724
2014-12-17 14:38:31 INFO  QueuePriorityAlgorithm:80 - size of seed urls: 1723
2014-12-17 14:38:33 INFO  QueuePriorityAlgorithm:80 - size of seed urls: 1722
2014-12-17 14:38:34 INFO  QueuePriorityAlgorithm:80 - size of seed urls: 1721
2014-12-17 14:38:35 INFO  QueuePriorityAlgorithm:80 - size of seed urls: 1720
2014-12-17 14:38:37 INFO  QueuePriorityAlgorithm:80 - size of seed urls: 1719
2014-12-17 14:38:38 INFO  QueuePriorityAlgorithm:80 - size of seed urls: 1718
2014-12-17 14:38:39 INFO  QueuePriorityAlgorithm:80 - size of seed urls: 1717
2014-12-17 14:38:40 INFO  QueuePriorityAlgorithm:80 - size of seed urls: 1716
2014-12-17 14:38:41 INFO  QueuePriorityAlgorithm:80 - size of seed urls: 1715
2014-12-17 14:38:41 INFO  QueuePriorityAlgorithm:80 - size of seed urls: 1714
2014-12-17 14:38:43 INFO  QueuePriorityAlgorithm:80 - size of seed urls: 1713
2014-12-17 14:38:44 INFO  QueuePriorityAlgorithm:80 - size of seed urls: 1712
2014-12-17 14:38:46 INFO  QueuePriorityAlgorithm:80 - size of seed urls: 1711
2014-12-17 14:38:47 INFO  QueuePriorityAlgorithm:80 - size of seed urls: 1710
2014-12-17 14:38:49 INFO  QueuePriorityAlgorithm:80 - size of seed urls: 1709
2014-12-17 14:38:50 INFO  QueuePriorityAlgorithm:80 - size of seed urls: 1708
2014-12-17 14:38:52 INFO  QueuePriorityAlgorithm:80 - size of seed urls: 1707
2014-12-17 14:38:53 INFO  QueuePriorityAlgorithm:80 - size of seed urls: 1706
2014-12-17 14:38:54 INFO  QueuePriorityAlgorithm:80 - size of seed urls: 1705
2014-12-17 14:38:56 INFO  QueuePriorityAlgorithm:80 - size of seed urls: 1704
2014-12-17 14:38:58 INFO  QueuePriorityAlgorithm:80 - size of seed urls: 1703
2014-12-17 14:39:00 INFO  QueuePriorityAlgorithm:80 - size of seed urls: 1702
2014-12-17 14:39:01 INFO  QueuePriorityAlgorithm:80 - size of seed urls: 1701
2014-12-17 14:39:02 INFO  QueuePriorityAlgorithm:80 - size of seed urls: 1700
2014-12-17 14:39:03 INFO  QueuePriorityAlgorithm:80 - size of seed urls: 1699
2014-12-17 14:39:04 INFO  QueuePriorityAlgorithm:80 - size of seed urls: 1698
2014-12-17 14:39:06 INFO  QueuePriorityAlgorithm:80 - size of seed urls: 1697
2014-12-17 14:39:07 INFO  QueuePriorityAlgorithm:80 - size of seed urls: 1696
2014-12-17 14:39:08 INFO  QueuePriorityAlgorithm:80 - size of seed urls: 1695
2014-12-17 14:39:09 INFO  QueuePriorityAlgorithm:80 - size of seed urls: 1694
2014-12-17 14:39:10 INFO  QueuePriorityAlgorithm:80 - size of seed urls: 1693
2014-12-17 14:39:12 INFO  QueuePriorityAlgorithm:80 - size of seed urls: 1692
2014-12-17 14:39:13 INFO  QueuePriorityAlgorithm:80 - size of seed urls: 1691
2014-12-17 14:39:15 INFO  QueuePriorityAlgorithm:80 - size of seed urls: 1690
2014-12-17 14:39:16 INFO  QueuePriorityAlgorithm:80 - size of seed urls: 1689
2014-12-17 14:39:18 INFO  QueuePriorityAlgorithm:80 - size of seed urls: 1688
2014-12-17 14:39:19 INFO  QueuePriorityAlgorithm:80 - size of seed urls: 1687
2014-12-17 14:39:20 INFO  QueuePriorityAlgorithm:80 - size of seed urls: 1686
2014-12-17 14:39:22 INFO  QueuePriorityAlgorithm:80 - size of seed urls: 1685
2014-12-17 14:39:23 INFO  QueuePriorityAlgorithm:80 - size of seed urls: 1684
2014-12-17 14:39:24 INFO  QueuePriorityAlgorithm:80 - size of seed urls: 1683
2014-12-17 14:39:25 INFO  QueuePriorityAlgorithm:80 - size of seed urls: 1682
2014-12-17 14:39:27 INFO  QueuePriorityAlgorithm:80 - size of seed urls: 1681
2014-12-17 14:39:28 INFO  QueuePriorityAlgorithm:80 - size of seed urls: 1680
2014-12-17 14:39:29 INFO  QueuePriorityAlgorithm:80 - size of seed urls: 1679
2014-12-17 14:39:33 INFO  QueuePriorityAlgorithm:80 - size of seed urls: 1678
2014-12-17 14:39:35 INFO  QueuePriorityAlgorithm:80 - size of seed urls: 1677
2014-12-17 14:39:38 INFO  QueuePriorityAlgorithm:80 - size of seed urls: 1676
2014-12-17 14:39:39 INFO  QueuePriorityAlgorithm:80 - size of seed urls: 1675
2014-12-17 14:39:40 INFO  QueuePriorityAlgorithm:80 - size of seed urls: 1674
2014-12-17 14:39:42 INFO  QueuePriorityAlgorithm:80 - size of seed urls: 1673
2014-12-17 14:39:43 INFO  QueuePriorityAlgorithm:80 - size of seed urls: 1672
2014-12-17 14:39:44 INFO  QueuePriorityAlgorithm:80 - size of seed urls: 1671
2014-12-17 14:39:45 INFO  QueuePriorityAlgorithm:80 - size of seed urls: 1670
2014-12-17 14:39:46 INFO  QueuePriorityAlgorithm:80 - size of seed urls: 1669
2014-12-17 14:39:49 INFO  QueuePriorityAlgorithm:80 - size of seed urls: 1668
2014-12-17 14:39:50 INFO  QueuePriorityAlgorithm:80 - size of seed urls: 1667
2014-12-17 14:39:51 INFO  QueuePriorityAlgorithm:80 - size of seed urls: 1666
2014-12-17 14:39:52 INFO  QueuePriorityAlgorithm:80 - size of seed urls: 1665
2014-12-17 14:39:53 INFO  QueuePriorityAlgorithm:80 - size of seed urls: 1664
2014-12-17 14:39:55 INFO  QueuePriorityAlgorithm:80 - size of seed urls: 1663
2014-12-17 14:39:56 INFO  QueuePriorityAlgorithm:80 - size of seed urls: 1662
2014-12-17 14:39:57 INFO  QueuePriorityAlgorithm:80 - size of seed urls: 1661
2014-12-17 14:39:58 INFO  QueuePriorityAlgorithm:80 - size of seed urls: 1660
2014-12-17 14:39:59 INFO  QueuePriorityAlgorithm:80 - size of seed urls: 1659
2014-12-17 14:40:00 INFO  QueuePriorityAlgorithm:80 - size of seed urls: 1658
2014-12-17 14:40:01 INFO  QueuePriorityAlgorithm:80 - size of seed urls: 1657
2014-12-17 14:40:02 INFO  QueuePriorityAlgorithm:80 - size of seed urls: 1656
2014-12-17 14:40:03 INFO  QueuePriorityAlgorithm:80 - size of seed urls: 1655
2014-12-17 14:40:04 INFO  QueuePriorityAlgorithm:80 - size of seed urls: 1654
2014-12-17 14:40:06 INFO  QueuePriorityAlgorithm:80 - size of seed urls: 1653
2014-12-17 14:40:08 INFO  QueuePriorityAlgorithm:80 - size of seed urls: 1652
2014-12-17 14:40:09 INFO  QueuePriorityAlgorithm:80 - size of seed urls: 1651
2014-12-17 14:40:10 INFO  QueuePriorityAlgorithm:80 - size of seed urls: 1650
2014-12-17 14:40:11 INFO  QueuePriorityAlgorithm:80 - size of seed urls: 1649
2014-12-17 14:40:11 INFO  QueuePriorityAlgorithm:80 - size of seed urls: 1648
2014-12-17 14:40:12 INFO  QueuePriorityAlgorithm:80 - size of seed urls: 1647
2014-12-17 14:40:15 INFO  QueuePriorityAlgorithm:80 - size of seed urls: 1646
2014-12-17 14:40:16 INFO  QueuePriorityAlgorithm:80 - size of seed urls: 1645
2014-12-17 14:40:17 INFO  QueuePriorityAlgorithm:80 - size of seed urls: 1644
2014-12-17 14:40:19 INFO  QueuePriorityAlgorithm:80 - size of seed urls: 1643
2014-12-17 14:40:20 INFO  QueuePriorityAlgorithm:80 - size of seed urls: 1642
2014-12-17 14:40:21 INFO  QueuePriorityAlgorithm:80 - size of seed urls: 1641
2014-12-17 14:40:23 INFO  QueuePriorityAlgorithm:80 - size of seed urls: 1640
2014-12-17 14:40:25 INFO  QueuePriorityAlgorithm:80 - size of seed urls: 1639
2014-12-17 14:40:27 INFO  QueuePriorityAlgorithm:80 - size of seed urls: 1638
2014-12-17 14:40:28 INFO  QueuePriorityAlgorithm:80 - size of seed urls: 1637
2014-12-17 14:40:29 INFO  QueuePriorityAlgorithm:80 - size of seed urls: 1636
2014-12-17 14:40:30 INFO  QueuePriorityAlgorithm:80 - size of seed urls: 1635
2014-12-17 14:40:31 INFO  QueuePriorityAlgorithm:80 - size of seed urls: 1634
2014-12-17 14:40:33 INFO  QueuePriorityAlgorithm:80 - size of seed urls: 1633
2014-12-17 14:40:34 INFO  QueuePriorityAlgorithm:80 - size of seed urls: 1632
2014-12-17 14:40:35 INFO  QueuePriorityAlgorithm:80 - size of seed urls: 1631
2014-12-17 14:40:36 INFO  QueuePriorityAlgorithm:80 - size of seed urls: 1630
2014-12-17 14:40:37 INFO  QueuePriorityAlgorithm:80 - size of seed urls: 1629
2014-12-17 14:40:38 INFO  QueuePriorityAlgorithm:80 - size of seed urls: 1628
2014-12-17 14:40:40 INFO  QueuePriorityAlgorithm:80 - size of seed urls: 1627
2014-12-17 14:40:41 INFO  QueuePriorityAlgorithm:80 - size of seed urls: 1626
2014-12-17 14:40:42 INFO  QueuePriorityAlgorithm:80 - size of seed urls: 1625
2014-12-17 14:40:43 INFO  QueuePriorityAlgorithm:80 - size of seed urls: 1624
2014-12-17 14:40:44 INFO  QueuePriorityAlgorithm:80 - size of seed urls: 1623
2014-12-17 14:40:46 INFO  QueuePriorityAlgorithm:80 - size of seed urls: 1622
2014-12-17 14:40:47 INFO  QueuePriorityAlgorithm:80 - size of seed urls: 1621
2014-12-17 14:40:49 INFO  QueuePriorityAlgorithm:80 - size of seed urls: 1620
2014-12-17 14:40:50 INFO  QueuePriorityAlgorithm:80 - size of seed urls: 1619
2014-12-17 14:40:54 INFO  QueuePriorityAlgorithm:80 - size of seed urls: 1618
2014-12-17 14:41:00 INFO  QueuePriorityAlgorithm:80 - size of seed urls: 1617
2014-12-17 14:41:02 INFO  QueuePriorityAlgorithm:80 - size of seed urls: 1616
2014-12-17 14:41:03 INFO  QueuePriorityAlgorithm:80 - size of seed urls: 1615
2014-12-17 14:41:04 INFO  QueuePriorityAlgorithm:80 - size of seed urls: 1614
2014-12-17 14:41:05 INFO  QueuePriorityAlgorithm:80 - size of seed urls: 1613
2014-12-17 14:41:06 INFO  QueuePriorityAlgorithm:80 - size of seed urls: 1612
2014-12-17 14:41:07 INFO  QueuePriorityAlgorithm:80 - size of seed urls: 1611
2014-12-17 14:41:10 INFO  QueuePriorityAlgorithm:80 - size of seed urls: 1610
2014-12-17 14:41:11 INFO  QueuePriorityAlgorithm:80 - size of seed urls: 1609
2014-12-17 14:41:12 INFO  QueuePriorityAlgorithm:80 - size of seed urls: 1608
2014-12-17 14:41:13 INFO  QueuePriorityAlgorithm:80 - size of seed urls: 1607
2014-12-17 14:41:14 INFO  QueuePriorityAlgorithm:80 - size of seed urls: 1606
2014-12-17 14:41:15 INFO  QueuePriorityAlgorithm:80 - size of seed urls: 1605
2014-12-17 14:41:16 INFO  QueuePriorityAlgorithm:80 - size of seed urls: 1604
2014-12-17 14:41:17 INFO  QueuePriorityAlgorithm:80 - size of seed urls: 1603
2014-12-17 14:41:18 INFO  QueuePriorityAlgorithm:80 - size of seed urls: 1602
2014-12-17 14:41:19 INFO  QueuePriorityAlgorithm:80 - size of seed urls: 1601
2014-12-17 14:41:21 INFO  QueuePriorityAlgorithm:80 - size of seed urls: 1600
2014-12-17 14:41:21 ERROR QueuePriorityAlgorithm:135 - error with getting child urls 
javax.net.ssl.SSLHandshakeException: sun.security.validator.ValidatorException: PKIX path building failed: sun.security.provider.certpath.SunCertPathBuilderException: unable to find valid certification path to requested target
	at sun.security.ssl.Alerts.getSSLException(Unknown Source)
	at sun.security.ssl.SSLSocketImpl.fatal(Unknown Source)
	at sun.security.ssl.Handshaker.fatalSE(Unknown Source)
	at sun.security.ssl.Handshaker.fatalSE(Unknown Source)
	at sun.security.ssl.ClientHandshaker.serverCertificate(Unknown Source)
	at sun.security.ssl.ClientHandshaker.processMessage(Unknown Source)
	at sun.security.ssl.Handshaker.processLoop(Unknown Source)
	at sun.security.ssl.Handshaker.process_record(Unknown Source)
	at sun.security.ssl.SSLSocketImpl.readRecord(Unknown Source)
	at sun.security.ssl.SSLSocketImpl.performInitialHandshake(Unknown Source)
	at sun.security.ssl.SSLSocketImpl.startHandshake(Unknown Source)
	at sun.security.ssl.SSLSocketImpl.startHandshake(Unknown Source)
	at sun.net.www.protocol.https.HttpsClient.afterConnect(Unknown Source)
	at sun.net.www.protocol.https.AbstractDelegateHttpsURLConnection.connect(Unknown Source)
	at sun.net.www.protocol.https.HttpsURLConnectionImpl.connect(Unknown Source)
	at org.jsoup.helper.HttpConnection$Response.execute(HttpConnection.java:439)
	at org.jsoup.helper.HttpConnection$Response.execute(HttpConnection.java:424)
	at org.jsoup.helper.HttpConnection.execute(HttpConnection.java:178)
	at org.jsoup.helper.HttpConnection.get(HttpConnection.java:167)
	at com.hrant.crawler.QueuePriorityAlgorithm.getAllLinksInPage(QueuePriorityAlgorithm.java:184)
	at com.hrant.crawler.QueuePriorityAlgorithm.queuePriorityAlgorithmLogic(QueuePriorityAlgorithm.java:89)
	at com.hrant.crawler.QueuePriorityAlgorithm.main(QueuePriorityAlgorithm.java:47)
Caused by: sun.security.validator.ValidatorException: PKIX path building failed: sun.security.provider.certpath.SunCertPathBuilderException: unable to find valid certification path to requested target
	at sun.security.validator.PKIXValidator.doBuild(Unknown Source)
	at sun.security.validator.PKIXValidator.engineValidate(Unknown Source)
	at sun.security.validator.Validator.validate(Unknown Source)
	at sun.security.ssl.X509TrustManagerImpl.validate(Unknown Source)
	at sun.security.ssl.X509TrustManagerImpl.checkTrusted(Unknown Source)
	at sun.security.ssl.X509TrustManagerImpl.checkServerTrusted(Unknown Source)
	... 18 more
Caused by: sun.security.provider.certpath.SunCertPathBuilderException: unable to find valid certification path to requested target
	at sun.security.provider.certpath.SunCertPathBuilder.build(Unknown Source)
	at sun.security.provider.certpath.SunCertPathBuilder.engineBuild(Unknown Source)
	at java.security.cert.CertPathBuilder.build(Unknown Source)
	... 24 more
2014-12-17 14:41:21 INFO  QueuePriorityAlgorithm:80 - size of seed urls: 1599
2014-12-17 14:41:22 INFO  QueuePriorityAlgorithm:80 - size of seed urls: 1598
2014-12-17 14:41:24 INFO  QueuePriorityAlgorithm:80 - size of seed urls: 1597
2014-12-17 14:41:25 INFO  QueuePriorityAlgorithm:80 - size of seed urls: 1596
2014-12-17 14:41:26 INFO  QueuePriorityAlgorithm:80 - size of seed urls: 1595
2014-12-17 14:41:27 INFO  QueuePriorityAlgorithm:80 - size of seed urls: 1594
2014-12-17 14:41:28 INFO  QueuePriorityAlgorithm:80 - size of seed urls: 1593
2014-12-17 14:41:29 INFO  QueuePriorityAlgorithm:80 - size of seed urls: 1592
2014-12-17 14:41:30 INFO  QueuePriorityAlgorithm:80 - size of seed urls: 1591
2014-12-17 14:41:33 INFO  QueuePriorityAlgorithm:80 - size of seed urls: 1590
2014-12-17 14:41:34 INFO  QueuePriorityAlgorithm:80 - size of seed urls: 1589
2014-12-17 14:41:36 INFO  QueuePriorityAlgorithm:80 - size of seed urls: 1588
2014-12-17 14:41:38 INFO  QueuePriorityAlgorithm:80 - size of seed urls: 1587
2014-12-17 14:41:38 INFO  QueuePriorityAlgorithm:80 - size of seed urls: 1586
2014-12-17 14:41:39 INFO  QueuePriorityAlgorithm:80 - size of seed urls: 1585
2014-12-17 14:41:40 INFO  QueuePriorityAlgorithm:80 - size of seed urls: 1584
2014-12-17 14:41:41 INFO  QueuePriorityAlgorithm:80 - size of seed urls: 1583
2014-12-17 14:41:41 INFO  QueuePriorityAlgorithm:80 - size of seed urls: 1582
2014-12-17 14:41:43 INFO  QueuePriorityAlgorithm:80 - size of seed urls: 1581
2014-12-17 14:41:43 INFO  QueuePriorityAlgorithm:80 - size of seed urls: 1580
2014-12-17 14:41:44 INFO  QueuePriorityAlgorithm:80 - size of seed urls: 1579
2014-12-17 14:41:44 INFO  QueuePriorityAlgorithm:80 - size of seed urls: 1578
2014-12-17 14:41:45 INFO  QueuePriorityAlgorithm:80 - size of seed urls: 1577
2014-12-17 14:41:46 INFO  QueuePriorityAlgorithm:80 - size of seed urls: 1576
2014-12-17 14:41:46 INFO  QueuePriorityAlgorithm:80 - size of seed urls: 1575
2014-12-17 14:41:47 INFO  QueuePriorityAlgorithm:80 - size of seed urls: 1574
2014-12-17 14:41:47 INFO  QueuePriorityAlgorithm:80 - size of seed urls: 1573
2014-12-17 14:41:48 INFO  QueuePriorityAlgorithm:80 - size of seed urls: 1572
2014-12-17 14:41:49 INFO  QueuePriorityAlgorithm:80 - size of seed urls: 1571
2014-12-17 14:41:50 INFO  QueuePriorityAlgorithm:80 - size of seed urls: 1570
2014-12-17 14:41:51 INFO  QueuePriorityAlgorithm:80 - size of seed urls: 1569
2014-12-17 14:41:51 INFO  QueuePriorityAlgorithm:80 - size of seed urls: 1568
2014-12-17 14:41:52 INFO  QueuePriorityAlgorithm:80 - size of seed urls: 1567
2014-12-17 14:41:52 INFO  QueuePriorityAlgorithm:80 - size of seed urls: 1566
2014-12-17 14:41:53 INFO  QueuePriorityAlgorithm:80 - size of seed urls: 1565
2014-12-17 14:41:54 INFO  QueuePriorityAlgorithm:80 - size of seed urls: 1564
2014-12-17 14:41:55 INFO  QueuePriorityAlgorithm:80 - size of seed urls: 1563
2014-12-17 14:41:56 INFO  QueuePriorityAlgorithm:80 - size of seed urls: 1562
2014-12-17 14:41:57 INFO  QueuePriorityAlgorithm:80 - size of seed urls: 1561
2014-12-17 14:41:57 INFO  QueuePriorityAlgorithm:80 - size of seed urls: 1560
2014-12-17 14:41:58 INFO  QueuePriorityAlgorithm:80 - size of seed urls: 1559
2014-12-17 14:41:59 INFO  QueuePriorityAlgorithm:80 - size of seed urls: 1558
2014-12-17 14:42:00 INFO  QueuePriorityAlgorithm:80 - size of seed urls: 1557
2014-12-17 14:42:01 INFO  QueuePriorityAlgorithm:80 - size of seed urls: 1556
2014-12-17 14:42:01 INFO  QueuePriorityAlgorithm:80 - size of seed urls: 1555
2014-12-17 14:42:02 INFO  QueuePriorityAlgorithm:80 - size of seed urls: 1554
2014-12-17 14:42:02 INFO  QueuePriorityAlgorithm:80 - size of seed urls: 1553
2014-12-17 14:42:03 INFO  QueuePriorityAlgorithm:80 - size of seed urls: 1552
2014-12-17 14:42:04 INFO  QueuePriorityAlgorithm:80 - size of seed urls: 1551
2014-12-17 14:42:04 INFO  QueuePriorityAlgorithm:80 - size of seed urls: 1550
2014-12-17 14:42:05 INFO  QueuePriorityAlgorithm:80 - size of seed urls: 1549
2014-12-17 14:42:07 INFO  QueuePriorityAlgorithm:80 - size of seed urls: 1548
2014-12-17 14:42:08 INFO  QueuePriorityAlgorithm:80 - size of seed urls: 1547
2014-12-17 14:42:09 INFO  QueuePriorityAlgorithm:80 - size of seed urls: 1546
2014-12-17 14:42:11 INFO  QueuePriorityAlgorithm:80 - size of seed urls: 1545
2014-12-17 14:42:12 INFO  QueuePriorityAlgorithm:80 - size of seed urls: 1544
2014-12-17 14:42:13 INFO  QueuePriorityAlgorithm:80 - size of seed urls: 1543
