2014-12-17 14:03:32 INFO  QueuePriorityAlgorithm:70 - size of seed urls: 1
2014-12-17 14:03:43 WARN  HibernatePersistence:58 - HHH015016: Encountered a deprecated javax.persistence.spi.PersistenceProvider [org.hibernate.ejb.HibernatePersistence]; use [org.hibernate.jpa.HibernatePersistenceProvider] instead.
2014-12-17 14:03:43 WARN  HibernatePersistence:58 - HHH015016: Encountered a deprecated javax.persistence.spi.PersistenceProvider [org.hibernate.ejb.HibernatePersistence]; use [org.hibernate.jpa.HibernatePersistenceProvider] instead.
2014-12-17 14:03:43 WARN  HibernatePersistence:58 - HHH015016: Encountered a deprecated javax.persistence.spi.PersistenceProvider [org.hibernate.ejb.HibernatePersistence]; use [org.hibernate.jpa.HibernatePersistenceProvider] instead.
2014-12-17 14:03:43 INFO  LogHelper:46 - HHH000204: Processing PersistenceUnitInfo [
	name: urlEntry
	...]
2014-12-17 14:03:44 INFO  Version:54 - HHH000412: Hibernate Core {4.3.3.Final}
2014-12-17 14:03:44 INFO  Environment:239 - HHH000206: hibernate.properties not found
2014-12-17 14:03:44 INFO  Environment:346 - HHH000021: Bytecode provider name : javassist
2014-12-17 14:03:44 INFO  Version:66 - HCANN000001: Hibernate Commons Annotations {4.0.4.Final}
2014-12-17 14:03:44 INFO  C3P0ConnectionProvider:133 - HHH010002: C3P0 using driver: com.mysql.jdbc.Driver at URL: jdbc:mysql://127.0.0.1:3306/urlEntry
2014-12-17 14:03:44 INFO  C3P0ConnectionProvider:134 - HHH000046: Connection properties: {user=root, password=****}
2014-12-17 14:03:44 INFO  C3P0ConnectionProvider:137 - HHH000006: Autocommit mode: false
2014-12-17 14:03:44 INFO  MLog:92 - MLog clients using log4j logging.
2014-12-17 14:03:44 INFO  C3P0Registry:216 - Initializing c3p0-0.9.2.1 [built 20-March-2013 10:47:27 +0000; debug? true; trace: 10]
2014-12-17 14:03:44 INFO  AbstractPoolBackedDataSource:522 - Initializing c3p0 pool... com.mchange.v2.c3p0.PoolBackedDataSource@6170f240 [ connectionPoolDataSource -> com.mchange.v2.c3p0.WrapperConnectionPoolDataSource@7e8c38db [ acquireIncrement -> 3, acquireRetryAttempts -> 30, acquireRetryDelay -> 1000, autoCommitOnClose -> false, automaticTestTable -> null, breakAfterAcquireFailure -> false, checkoutTimeout -> 0, connectionCustomizerClassName -> null, connectionTesterClassName -> com.mchange.v2.c3p0.impl.DefaultConnectionTester, debugUnreturnedConnectionStackTraces -> false, factoryClassLocation -> null, forceIgnoreUnresolvedTransactions -> false, identityToken -> 1hges5d96oc1kf818jx7al|31e4bb20, idleConnectionTestPeriod -> 0, initialPoolSize -> 1, maxAdministrativeTaskTime -> 0, maxConnectionAge -> 0, maxIdleTime -> 30, maxIdleTimeExcessConnections -> 0, maxPoolSize -> 12, maxStatements -> 10, maxStatementsPerConnection -> 0, minPoolSize -> 1, nestedDataSource -> com.mchange.v2.c3p0.DriverManagerDataSource@4581457d [ description -> null, driverClass -> null, factoryClassLocation -> null, identityToken -> 1hges5d96oc1kf818jx7al|61f05988, jdbcUrl -> jdbc:mysql://127.0.0.1:3306/urlEntry, properties -> {user=******, password=******} ], preferredTestQuery -> null, propertyCycle -> 0, statementCacheNumDeferredCloseThreads -> 0, testConnectionOnCheckin -> false, testConnectionOnCheckout -> false, unreturnedConnectionTimeout -> 0, usesTraditionalReflectiveProxies -> false; userOverrides: {} ], dataSourceName -> null, factoryClassLocation -> null, identityToken -> 1hges5d96oc1kf818jx7al|625abb97, numHelperThreads -> 3 ]
2014-12-17 14:03:45 INFO  Dialect:145 - HHH000400: Using dialect: org.hibernate.dialect.MySQLDialect
2014-12-17 14:03:45 INFO  LobCreatorBuilder:97 - HHH000423: Disabling contextual LOB creation as JDBC driver reported JDBC version [3] less than 4
2014-12-17 14:03:45 INFO  ASTQueryTranslatorFactory:47 - HHH000397: Using ASTQueryTranslatorFactory
2014-12-17 14:03:45 INFO  SchemaUpdate:182 - HHH000228: Running hbm2ddl schema update
2014-12-17 14:03:45 INFO  SchemaUpdate:193 - HHH000102: Fetching database metadata
2014-12-17 14:03:45 INFO  SchemaUpdate:205 - HHH000396: Updating schema
2014-12-17 14:03:45 INFO  DatabaseMetaData:147 - HHH000262: Table not found: UrlEntry
2014-12-17 14:03:45 INFO  DatabaseMetaData:147 - HHH000262: Table not found: UrlEntry
2014-12-17 14:03:45 INFO  DatabaseMetaData:147 - HHH000262: Table not found: UrlEntry
2014-12-17 14:03:45 INFO  SchemaUpdate:242 - HHH000232: Schema update complete
2014-12-17 14:03:46 WARN  HqlSqlWalker:995 - [DEPRECATION] Encountered positional parameter near line 1, column 55.  Positional parameter are considered deprecated; use named parameters or JPA-style positional parameters instead.
2014-12-17 14:03:46 INFO  QueuePriorityAlgorithm:70 - size of seed urls: 26
2014-12-17 14:03:59 ERROR QueuePriorityAlgorithm:126 - error with getting child urls 
java.net.UnknownHostException: cypherschoolportal.com
	at java.net.AbstractPlainSocketImpl.connect(Unknown Source)
	at java.net.PlainSocketImpl.connect(Unknown Source)
	at java.net.SocksSocketImpl.connect(Unknown Source)
	at java.net.Socket.connect(Unknown Source)
	at sun.net.NetworkClient.doConnect(Unknown Source)
	at sun.net.www.http.HttpClient.openServer(Unknown Source)
	at sun.net.www.http.HttpClient.openServer(Unknown Source)
	at sun.net.www.http.HttpClient.<init>(Unknown Source)
	at sun.net.www.http.HttpClient.New(Unknown Source)
	at sun.net.www.http.HttpClient.New(Unknown Source)
	at sun.net.www.protocol.http.HttpURLConnection.getNewHttpClient(Unknown Source)
	at sun.net.www.protocol.http.HttpURLConnection.plainConnect0(Unknown Source)
	at sun.net.www.protocol.http.HttpURLConnection.plainConnect(Unknown Source)
	at sun.net.www.protocol.http.HttpURLConnection.connect(Unknown Source)
	at org.jsoup.helper.HttpConnection$Response.execute(HttpConnection.java:439)
	at org.jsoup.helper.HttpConnection$Response.execute(HttpConnection.java:424)
	at org.jsoup.helper.HttpConnection.execute(HttpConnection.java:178)
	at org.jsoup.helper.HttpConnection.get(HttpConnection.java:167)
	at com.hrant.crawler.QueuePriorityAlgorithm.getAllLinksInPage(QueuePriorityAlgorithm.java:175)
	at com.hrant.crawler.QueuePriorityAlgorithm.queuePriorityAlgorithmLogic(QueuePriorityAlgorithm.java:80)
	at com.hrant.crawler.QueuePriorityAlgorithm.main(QueuePriorityAlgorithm.java:44)
2014-12-17 14:04:08 ERROR QueuePriorityAlgorithm:126 - error with getting child urls 
org.jsoup.HttpStatusException: HTTP error fetching URL. Status=404, URL=http://www.cypherincorporated.co.in/software-products/
	at org.jsoup.helper.HttpConnection$Response.execute(HttpConnection.java:449)
	at org.jsoup.helper.HttpConnection$Response.execute(HttpConnection.java:424)
	at org.jsoup.helper.HttpConnection.execute(HttpConnection.java:178)
	at org.jsoup.helper.HttpConnection.get(HttpConnection.java:167)
	at com.hrant.crawler.QueuePriorityAlgorithm.getAllLinksInPage(QueuePriorityAlgorithm.java:175)
	at com.hrant.crawler.QueuePriorityAlgorithm.queuePriorityAlgorithmLogic(QueuePriorityAlgorithm.java:80)
	at com.hrant.crawler.QueuePriorityAlgorithm.main(QueuePriorityAlgorithm.java:44)
2014-12-17 14:04:14 INFO  QueuePriorityAlgorithm:70 - size of seed urls: 118
2014-12-17 14:04:14 ERROR QueuePriorityAlgorithm:126 - error with getting child urls 
org.jsoup.HttpStatusException: HTTP error fetching URL. Status=404, URL=https://play.google.com/store/apps/details?id=com.InkcadreTechnosoft.SnatcherAlien
	at org.jsoup.helper.HttpConnection$Response.execute(HttpConnection.java:449)
	at org.jsoup.helper.HttpConnection$Response.execute(HttpConnection.java:465)
	at org.jsoup.helper.HttpConnection$Response.execute(HttpConnection.java:424)
	at org.jsoup.helper.HttpConnection.execute(HttpConnection.java:178)
	at org.jsoup.helper.HttpConnection.get(HttpConnection.java:167)
	at com.hrant.crawler.QueuePriorityAlgorithm.getAllLinksInPage(QueuePriorityAlgorithm.java:175)
	at com.hrant.crawler.QueuePriorityAlgorithm.queuePriorityAlgorithmLogic(QueuePriorityAlgorithm.java:80)
	at com.hrant.crawler.QueuePriorityAlgorithm.main(QueuePriorityAlgorithm.java:44)
2014-12-17 14:04:41 ERROR QueuePriorityAlgorithm:126 - error with getting child urls 
java.net.UnknownHostException: www.giftofdivine.com
	at java.net.AbstractPlainSocketImpl.connect(Unknown Source)
	at java.net.PlainSocketImpl.connect(Unknown Source)
	at java.net.SocksSocketImpl.connect(Unknown Source)
	at java.net.Socket.connect(Unknown Source)
	at sun.net.NetworkClient.doConnect(Unknown Source)
	at sun.net.www.http.HttpClient.openServer(Unknown Source)
	at sun.net.www.http.HttpClient.openServer(Unknown Source)
	at sun.net.www.http.HttpClient.<init>(Unknown Source)
	at sun.net.www.http.HttpClient.New(Unknown Source)
	at sun.net.www.http.HttpClient.New(Unknown Source)
	at sun.net.www.protocol.http.HttpURLConnection.getNewHttpClient(Unknown Source)
	at sun.net.www.protocol.http.HttpURLConnection.plainConnect0(Unknown Source)
	at sun.net.www.protocol.http.HttpURLConnection.plainConnect(Unknown Source)
	at sun.net.www.protocol.http.HttpURLConnection.connect(Unknown Source)
	at org.jsoup.helper.HttpConnection$Response.execute(HttpConnection.java:439)
	at org.jsoup.helper.HttpConnection$Response.execute(HttpConnection.java:424)
	at org.jsoup.helper.HttpConnection.execute(HttpConnection.java:178)
	at org.jsoup.helper.HttpConnection.get(HttpConnection.java:167)
	at com.hrant.crawler.QueuePriorityAlgorithm.getAllLinksInPage(QueuePriorityAlgorithm.java:175)
	at com.hrant.crawler.QueuePriorityAlgorithm.queuePriorityAlgorithmLogic(QueuePriorityAlgorithm.java:80)
	at com.hrant.crawler.QueuePriorityAlgorithm.main(QueuePriorityAlgorithm.java:44)
2014-12-17 14:06:51 ERROR QueuePriorityAlgorithm:126 - error with getting child urls 
java.net.SocketTimeoutException: Read timed out
	at java.net.SocketInputStream.socketRead0(Native Method)
	at java.net.SocketInputStream.read(Unknown Source)
	at java.net.SocketInputStream.read(Unknown Source)
	at java.io.BufferedInputStream.fill(Unknown Source)
	at java.io.BufferedInputStream.read1(Unknown Source)
	at java.io.BufferedInputStream.read(Unknown Source)
	at sun.net.www.http.HttpClient.parseHTTPHeader(Unknown Source)
	at sun.net.www.http.HttpClient.parseHTTP(Unknown Source)
	at sun.net.www.protocol.http.HttpURLConnection.getInputStream0(Unknown Source)
	at sun.net.www.protocol.http.HttpURLConnection.getInputStream(Unknown Source)
	at java.net.HttpURLConnection.getResponseCode(Unknown Source)
	at org.jsoup.helper.HttpConnection$Response.execute(HttpConnection.java:443)
	at org.jsoup.helper.HttpConnection$Response.execute(HttpConnection.java:424)
	at org.jsoup.helper.HttpConnection.execute(HttpConnection.java:178)
	at org.jsoup.helper.HttpConnection.get(HttpConnection.java:167)
	at com.hrant.crawler.QueuePriorityAlgorithm.getAllLinksInPage(QueuePriorityAlgorithm.java:175)
	at com.hrant.crawler.QueuePriorityAlgorithm.queuePriorityAlgorithmLogic(QueuePriorityAlgorithm.java:80)
	at com.hrant.crawler.QueuePriorityAlgorithm.main(QueuePriorityAlgorithm.java:44)
2014-12-17 14:07:02 ERROR QueuePriorityAlgorithm:126 - error with getting child urls 
java.net.SocketTimeoutException: Read timed out
	at java.net.SocketInputStream.socketRead0(Native Method)
	at java.net.SocketInputStream.read(Unknown Source)
	at java.net.SocketInputStream.read(Unknown Source)
	at java.io.BufferedInputStream.fill(Unknown Source)
	at java.io.BufferedInputStream.read1(Unknown Source)
	at java.io.BufferedInputStream.read(Unknown Source)
	at sun.net.www.http.HttpClient.parseHTTPHeader(Unknown Source)
	at sun.net.www.http.HttpClient.parseHTTP(Unknown Source)
	at sun.net.www.protocol.http.HttpURLConnection.getInputStream0(Unknown Source)
	at sun.net.www.protocol.http.HttpURLConnection.getInputStream(Unknown Source)
	at java.net.HttpURLConnection.getResponseCode(Unknown Source)
	at org.jsoup.helper.HttpConnection$Response.execute(HttpConnection.java:443)
	at org.jsoup.helper.HttpConnection$Response.execute(HttpConnection.java:424)
	at org.jsoup.helper.HttpConnection.execute(HttpConnection.java:178)
	at org.jsoup.helper.HttpConnection.get(HttpConnection.java:167)
	at com.hrant.crawler.QueuePriorityAlgorithm.getAllLinksInPage(QueuePriorityAlgorithm.java:175)
	at com.hrant.crawler.QueuePriorityAlgorithm.queuePriorityAlgorithmLogic(QueuePriorityAlgorithm.java:80)
	at com.hrant.crawler.QueuePriorityAlgorithm.main(QueuePriorityAlgorithm.java:44)
2014-12-17 14:07:12 ERROR QueuePriorityAlgorithm:126 - error with getting child urls 
java.net.SocketTimeoutException: Read timed out
	at java.net.SocketInputStream.socketRead0(Native Method)
	at java.net.SocketInputStream.read(Unknown Source)
	at java.net.SocketInputStream.read(Unknown Source)
	at java.io.BufferedInputStream.fill(Unknown Source)
	at java.io.BufferedInputStream.read1(Unknown Source)
	at java.io.BufferedInputStream.read(Unknown Source)
	at sun.net.www.http.HttpClient.parseHTTPHeader(Unknown Source)
	at sun.net.www.http.HttpClient.parseHTTP(Unknown Source)
	at sun.net.www.protocol.http.HttpURLConnection.getInputStream0(Unknown Source)
	at sun.net.www.protocol.http.HttpURLConnection.getInputStream(Unknown Source)
	at java.net.HttpURLConnection.getResponseCode(Unknown Source)
	at org.jsoup.helper.HttpConnection$Response.execute(HttpConnection.java:443)
	at org.jsoup.helper.HttpConnection$Response.execute(HttpConnection.java:424)
	at org.jsoup.helper.HttpConnection.execute(HttpConnection.java:178)
	at org.jsoup.helper.HttpConnection.get(HttpConnection.java:167)
	at com.hrant.crawler.QueuePriorityAlgorithm.getAllLinksInPage(QueuePriorityAlgorithm.java:175)
	at com.hrant.crawler.QueuePriorityAlgorithm.queuePriorityAlgorithmLogic(QueuePriorityAlgorithm.java:80)
	at com.hrant.crawler.QueuePriorityAlgorithm.main(QueuePriorityAlgorithm.java:44)
2014-12-17 14:07:22 ERROR QueuePriorityAlgorithm:126 - error with getting child urls 
java.net.SocketTimeoutException: Read timed out
	at java.net.SocketInputStream.socketRead0(Native Method)
	at java.net.SocketInputStream.read(Unknown Source)
	at java.net.SocketInputStream.read(Unknown Source)
	at java.io.BufferedInputStream.fill(Unknown Source)
	at java.io.BufferedInputStream.read1(Unknown Source)
	at java.io.BufferedInputStream.read(Unknown Source)
	at sun.net.www.http.HttpClient.parseHTTPHeader(Unknown Source)
	at sun.net.www.http.HttpClient.parseHTTP(Unknown Source)
	at sun.net.www.protocol.http.HttpURLConnection.getInputStream0(Unknown Source)
	at sun.net.www.protocol.http.HttpURLConnection.getInputStream(Unknown Source)
	at java.net.HttpURLConnection.getResponseCode(Unknown Source)
	at org.jsoup.helper.HttpConnection$Response.execute(HttpConnection.java:443)
	at org.jsoup.helper.HttpConnection$Response.execute(HttpConnection.java:424)
	at org.jsoup.helper.HttpConnection.execute(HttpConnection.java:178)
	at org.jsoup.helper.HttpConnection.get(HttpConnection.java:167)
	at com.hrant.crawler.QueuePriorityAlgorithm.getAllLinksInPage(QueuePriorityAlgorithm.java:175)
	at com.hrant.crawler.QueuePriorityAlgorithm.queuePriorityAlgorithmLogic(QueuePriorityAlgorithm.java:80)
	at com.hrant.crawler.QueuePriorityAlgorithm.main(QueuePriorityAlgorithm.java:44)
