2014-12-17 13:39:17 INFO  QueuePriorityAlgorithm:70 - size of seed urls: 1
2014-12-17 13:39:18 WARN  HibernatePersistence:58 - HHH015016: Encountered a deprecated javax.persistence.spi.PersistenceProvider [org.hibernate.ejb.HibernatePersistence]; use [org.hibernate.jpa.HibernatePersistenceProvider] instead.
2014-12-17 13:39:18 WARN  HibernatePersistence:58 - HHH015016: Encountered a deprecated javax.persistence.spi.PersistenceProvider [org.hibernate.ejb.HibernatePersistence]; use [org.hibernate.jpa.HibernatePersistenceProvider] instead.
2014-12-17 13:39:18 WARN  HibernatePersistence:58 - HHH015016: Encountered a deprecated javax.persistence.spi.PersistenceProvider [org.hibernate.ejb.HibernatePersistence]; use [org.hibernate.jpa.HibernatePersistenceProvider] instead.
2014-12-17 13:39:18 INFO  LogHelper:46 - HHH000204: Processing PersistenceUnitInfo [
	name: urlEntry
	...]
2014-12-17 13:39:18 INFO  Version:54 - HHH000412: Hibernate Core {4.3.3.Final}
2014-12-17 13:39:18 INFO  Environment:239 - HHH000206: hibernate.properties not found
2014-12-17 13:39:18 INFO  Environment:346 - HHH000021: Bytecode provider name : javassist
2014-12-17 13:39:19 INFO  Version:66 - HCANN000001: Hibernate Commons Annotations {4.0.4.Final}
2014-12-17 13:39:19 INFO  C3P0ConnectionProvider:133 - HHH010002: C3P0 using driver: com.mysql.jdbc.Driver at URL: jdbc:mysql://127.0.0.1:3306/urlEntry
2014-12-17 13:39:19 INFO  C3P0ConnectionProvider:134 - HHH000046: Connection properties: {user=root, password=****}
2014-12-17 13:39:19 INFO  C3P0ConnectionProvider:137 - HHH000006: Autocommit mode: false
2014-12-17 13:39:19 INFO  MLog:92 - MLog clients using log4j logging.
2014-12-17 13:39:20 INFO  C3P0Registry:216 - Initializing c3p0-0.9.2.1 [built 20-March-2013 10:47:27 +0000; debug? true; trace: 10]
2014-12-17 13:39:20 INFO  AbstractPoolBackedDataSource:522 - Initializing c3p0 pool... com.mchange.v2.c3p0.PoolBackedDataSource@681eaa18 [ connectionPoolDataSource -> com.mchange.v2.c3p0.WrapperConnectionPoolDataSource@ac9e3378 [ acquireIncrement -> 3, acquireRetryAttempts -> 30, acquireRetryDelay -> 1000, autoCommitOnClose -> false, automaticTestTable -> null, breakAfterAcquireFailure -> false, checkoutTimeout -> 0, connectionCustomizerClassName -> null, connectionTesterClassName -> com.mchange.v2.c3p0.impl.DefaultConnectionTester, debugUnreturnedConnectionStackTraces -> false, factoryClassLocation -> null, forceIgnoreUnresolvedTransactions -> false, identityToken -> 1hges5d96ob668hue9ivj|698122b2, idleConnectionTestPeriod -> 0, initialPoolSize -> 1, maxAdministrativeTaskTime -> 0, maxConnectionAge -> 0, maxIdleTime -> 30, maxIdleTimeExcessConnections -> 0, maxPoolSize -> 12, maxStatements -> 10, maxStatementsPerConnection -> 0, minPoolSize -> 1, nestedDataSource -> com.mchange.v2.c3p0.DriverManagerDataSource@29cba7f9 [ description -> null, driverClass -> null, factoryClassLocation -> null, identityToken -> 1hges5d96ob668hue9ivj|2072acb2, jdbcUrl -> jdbc:mysql://127.0.0.1:3306/urlEntry, properties -> {user=******, password=******} ], preferredTestQuery -> null, propertyCycle -> 0, statementCacheNumDeferredCloseThreads -> 0, testConnectionOnCheckin -> false, testConnectionOnCheckout -> false, unreturnedConnectionTimeout -> 0, usesTraditionalReflectiveProxies -> false; userOverrides: {} ], dataSourceName -> null, factoryClassLocation -> null, identityToken -> 1hges5d96ob668hue9ivj|77a98a6a, numHelperThreads -> 3 ]
2014-12-17 13:39:20 INFO  Dialect:145 - HHH000400: Using dialect: org.hibernate.dialect.MySQLDialect
2014-12-17 13:39:20 INFO  LobCreatorBuilder:97 - HHH000423: Disabling contextual LOB creation as JDBC driver reported JDBC version [3] less than 4
2014-12-17 13:39:21 INFO  ASTQueryTranslatorFactory:47 - HHH000397: Using ASTQueryTranslatorFactory
2014-12-17 13:39:21 INFO  SchemaUpdate:182 - HHH000228: Running hbm2ddl schema update
2014-12-17 13:39:21 INFO  SchemaUpdate:193 - HHH000102: Fetching database metadata
2014-12-17 13:39:21 INFO  SchemaUpdate:205 - HHH000396: Updating schema
2014-12-17 13:39:21 INFO  DatabaseMetaData:147 - HHH000262: Table not found: UrlEntry
2014-12-17 13:39:21 INFO  DatabaseMetaData:147 - HHH000262: Table not found: UrlEntry
2014-12-17 13:39:21 INFO  DatabaseMetaData:147 - HHH000262: Table not found: UrlEntry
2014-12-17 13:39:21 INFO  SchemaUpdate:242 - HHH000232: Schema update complete
2014-12-17 13:39:22 INFO  QueuePriorityAlgorithm:70 - size of seed urls: 9
2014-12-17 13:39:33 INFO  QueuePriorityAlgorithm:70 - size of seed urls: 515
2014-12-17 13:39:39 ERROR QueuePriorityAlgorithm:126 - error with getting child urls 
javax.net.ssl.SSLHandshakeException: sun.security.validator.ValidatorException: PKIX path building failed: sun.security.provider.certpath.SunCertPathBuilderException: unable to find valid certification path to requested target
	at sun.security.ssl.Alerts.getSSLException(Unknown Source)
	at sun.security.ssl.SSLSocketImpl.fatal(Unknown Source)
	at sun.security.ssl.Handshaker.fatalSE(Unknown Source)
	at sun.security.ssl.Handshaker.fatalSE(Unknown Source)
	at sun.security.ssl.ClientHandshaker.serverCertificate(Unknown Source)
	at sun.security.ssl.ClientHandshaker.processMessage(Unknown Source)
	at sun.security.ssl.Handshaker.processLoop(Unknown Source)
	at sun.security.ssl.Handshaker.process_record(Unknown Source)
	at sun.security.ssl.SSLSocketImpl.readRecord(Unknown Source)
	at sun.security.ssl.SSLSocketImpl.performInitialHandshake(Unknown Source)
	at sun.security.ssl.SSLSocketImpl.startHandshake(Unknown Source)
	at sun.security.ssl.SSLSocketImpl.startHandshake(Unknown Source)
	at sun.net.www.protocol.https.HttpsClient.afterConnect(Unknown Source)
	at sun.net.www.protocol.https.AbstractDelegateHttpsURLConnection.connect(Unknown Source)
	at sun.net.www.protocol.https.HttpsURLConnectionImpl.connect(Unknown Source)
	at org.jsoup.helper.HttpConnection$Response.execute(HttpConnection.java:439)
	at org.jsoup.helper.HttpConnection$Response.execute(HttpConnection.java:424)
	at org.jsoup.helper.HttpConnection.execute(HttpConnection.java:178)
	at org.jsoup.helper.HttpConnection.get(HttpConnection.java:167)
	at com.hrant.crawler.QueuePriorityAlgorithm.getAllLinksInPage(QueuePriorityAlgorithm.java:176)
	at com.hrant.crawler.QueuePriorityAlgorithm.queuePriorityAlgorithmLogic(QueuePriorityAlgorithm.java:80)
	at com.hrant.crawler.QueuePriorityAlgorithm.main(QueuePriorityAlgorithm.java:44)
Caused by: sun.security.validator.ValidatorException: PKIX path building failed: sun.security.provider.certpath.SunCertPathBuilderException: unable to find valid certification path to requested target
	at sun.security.validator.PKIXValidator.doBuild(Unknown Source)
	at sun.security.validator.PKIXValidator.engineValidate(Unknown Source)
	at sun.security.validator.Validator.validate(Unknown Source)
	at sun.security.ssl.X509TrustManagerImpl.validate(Unknown Source)
	at sun.security.ssl.X509TrustManagerImpl.checkTrusted(Unknown Source)
	at sun.security.ssl.X509TrustManagerImpl.checkServerTrusted(Unknown Source)
	... 18 more
Caused by: sun.security.provider.certpath.SunCertPathBuilderException: unable to find valid certification path to requested target
	at sun.security.provider.certpath.SunCertPathBuilder.build(Unknown Source)
	at sun.security.provider.certpath.SunCertPathBuilder.engineBuild(Unknown Source)
	at java.security.cert.CertPathBuilder.build(Unknown Source)
	... 24 more
2014-12-17 13:39:42 ERROR QueuePriorityAlgorithm:126 - error with getting child urls 
javax.net.ssl.SSLHandshakeException: sun.security.validator.ValidatorException: PKIX path building failed: sun.security.provider.certpath.SunCertPathBuilderException: unable to find valid certification path to requested target
	at sun.security.ssl.Alerts.getSSLException(Unknown Source)
	at sun.security.ssl.SSLSocketImpl.fatal(Unknown Source)
	at sun.security.ssl.Handshaker.fatalSE(Unknown Source)
	at sun.security.ssl.Handshaker.fatalSE(Unknown Source)
	at sun.security.ssl.ClientHandshaker.serverCertificate(Unknown Source)
	at sun.security.ssl.ClientHandshaker.processMessage(Unknown Source)
	at sun.security.ssl.Handshaker.processLoop(Unknown Source)
	at sun.security.ssl.Handshaker.process_record(Unknown Source)
	at sun.security.ssl.SSLSocketImpl.readRecord(Unknown Source)
	at sun.security.ssl.SSLSocketImpl.performInitialHandshake(Unknown Source)
	at sun.security.ssl.SSLSocketImpl.startHandshake(Unknown Source)
	at sun.security.ssl.SSLSocketImpl.startHandshake(Unknown Source)
	at sun.net.www.protocol.https.HttpsClient.afterConnect(Unknown Source)
	at sun.net.www.protocol.https.AbstractDelegateHttpsURLConnection.connect(Unknown Source)
	at sun.net.www.protocol.https.HttpsURLConnectionImpl.connect(Unknown Source)
	at org.jsoup.helper.HttpConnection$Response.execute(HttpConnection.java:439)
	at org.jsoup.helper.HttpConnection$Response.execute(HttpConnection.java:465)
	at org.jsoup.helper.HttpConnection$Response.execute(HttpConnection.java:424)
	at org.jsoup.helper.HttpConnection.execute(HttpConnection.java:178)
	at org.jsoup.helper.HttpConnection.get(HttpConnection.java:167)
	at com.hrant.crawler.QueuePriorityAlgorithm.getAllLinksInPage(QueuePriorityAlgorithm.java:176)
	at com.hrant.crawler.QueuePriorityAlgorithm.queuePriorityAlgorithmLogic(QueuePriorityAlgorithm.java:80)
	at com.hrant.crawler.QueuePriorityAlgorithm.main(QueuePriorityAlgorithm.java:44)
Caused by: sun.security.validator.ValidatorException: PKIX path building failed: sun.security.provider.certpath.SunCertPathBuilderException: unable to find valid certification path to requested target
	at sun.security.validator.PKIXValidator.doBuild(Unknown Source)
	at sun.security.validator.PKIXValidator.engineValidate(Unknown Source)
	at sun.security.validator.Validator.validate(Unknown Source)
	at sun.security.ssl.X509TrustManagerImpl.validate(Unknown Source)
	at sun.security.ssl.X509TrustManagerImpl.checkTrusted(Unknown Source)
	at sun.security.ssl.X509TrustManagerImpl.checkServerTrusted(Unknown Source)
	... 19 more
Caused by: sun.security.provider.certpath.SunCertPathBuilderException: unable to find valid certification path to requested target
	at sun.security.provider.certpath.SunCertPathBuilder.build(Unknown Source)
	at sun.security.provider.certpath.SunCertPathBuilder.engineBuild(Unknown Source)
	at java.security.cert.CertPathBuilder.build(Unknown Source)
	... 25 more
2014-12-17 13:40:06 ERROR QueuePriorityAlgorithm:126 - error with getting child urls 
javax.net.ssl.SSLHandshakeException: sun.security.validator.ValidatorException: PKIX path building failed: sun.security.provider.certpath.SunCertPathBuilderException: unable to find valid certification path to requested target
	at sun.security.ssl.Alerts.getSSLException(Unknown Source)
	at sun.security.ssl.SSLSocketImpl.fatal(Unknown Source)
	at sun.security.ssl.Handshaker.fatalSE(Unknown Source)
	at sun.security.ssl.Handshaker.fatalSE(Unknown Source)
	at sun.security.ssl.ClientHandshaker.serverCertificate(Unknown Source)
	at sun.security.ssl.ClientHandshaker.processMessage(Unknown Source)
	at sun.security.ssl.Handshaker.processLoop(Unknown Source)
	at sun.security.ssl.Handshaker.process_record(Unknown Source)
	at sun.security.ssl.SSLSocketImpl.readRecord(Unknown Source)
	at sun.security.ssl.SSLSocketImpl.performInitialHandshake(Unknown Source)
	at sun.security.ssl.SSLSocketImpl.startHandshake(Unknown Source)
	at sun.security.ssl.SSLSocketImpl.startHandshake(Unknown Source)
	at sun.net.www.protocol.https.HttpsClient.afterConnect(Unknown Source)
	at sun.net.www.protocol.https.AbstractDelegateHttpsURLConnection.connect(Unknown Source)
	at sun.net.www.protocol.https.HttpsURLConnectionImpl.connect(Unknown Source)
	at org.jsoup.helper.HttpConnection$Response.execute(HttpConnection.java:439)
	at org.jsoup.helper.HttpConnection$Response.execute(HttpConnection.java:424)
	at org.jsoup.helper.HttpConnection.execute(HttpConnection.java:178)
	at org.jsoup.helper.HttpConnection.get(HttpConnection.java:167)
	at com.hrant.crawler.QueuePriorityAlgorithm.getAllLinksInPage(QueuePriorityAlgorithm.java:176)
	at com.hrant.crawler.QueuePriorityAlgorithm.queuePriorityAlgorithmLogic(QueuePriorityAlgorithm.java:80)
	at com.hrant.crawler.QueuePriorityAlgorithm.main(QueuePriorityAlgorithm.java:44)
Caused by: sun.security.validator.ValidatorException: PKIX path building failed: sun.security.provider.certpath.SunCertPathBuilderException: unable to find valid certification path to requested target
	at sun.security.validator.PKIXValidator.doBuild(Unknown Source)
	at sun.security.validator.PKIXValidator.engineValidate(Unknown Source)
	at sun.security.validator.Validator.validate(Unknown Source)
	at sun.security.ssl.X509TrustManagerImpl.validate(Unknown Source)
	at sun.security.ssl.X509TrustManagerImpl.checkTrusted(Unknown Source)
	at sun.security.ssl.X509TrustManagerImpl.checkServerTrusted(Unknown Source)
	... 18 more
Caused by: sun.security.provider.certpath.SunCertPathBuilderException: unable to find valid certification path to requested target
	at sun.security.provider.certpath.SunCertPathBuilder.build(Unknown Source)
	at sun.security.provider.certpath.SunCertPathBuilder.engineBuild(Unknown Source)
	at java.security.cert.CertPathBuilder.build(Unknown Source)
	... 24 more
2014-12-17 13:40:07 ERROR QueuePriorityAlgorithm:126 - error with getting child urls 
javax.net.ssl.SSLHandshakeException: sun.security.validator.ValidatorException: PKIX path building failed: sun.security.provider.certpath.SunCertPathBuilderException: unable to find valid certification path to requested target
	at sun.security.ssl.Alerts.getSSLException(Unknown Source)
	at sun.security.ssl.SSLSocketImpl.fatal(Unknown Source)
	at sun.security.ssl.Handshaker.fatalSE(Unknown Source)
	at sun.security.ssl.Handshaker.fatalSE(Unknown Source)
	at sun.security.ssl.ClientHandshaker.serverCertificate(Unknown Source)
	at sun.security.ssl.ClientHandshaker.processMessage(Unknown Source)
	at sun.security.ssl.Handshaker.processLoop(Unknown Source)
	at sun.security.ssl.Handshaker.process_record(Unknown Source)
	at sun.security.ssl.SSLSocketImpl.readRecord(Unknown Source)
	at sun.security.ssl.SSLSocketImpl.performInitialHandshake(Unknown Source)
	at sun.security.ssl.SSLSocketImpl.startHandshake(Unknown Source)
	at sun.security.ssl.SSLSocketImpl.startHandshake(Unknown Source)
	at sun.net.www.protocol.https.HttpsClient.afterConnect(Unknown Source)
	at sun.net.www.protocol.https.AbstractDelegateHttpsURLConnection.connect(Unknown Source)
	at sun.net.www.protocol.https.HttpsURLConnectionImpl.connect(Unknown Source)
	at org.jsoup.helper.HttpConnection$Response.execute(HttpConnection.java:439)
	at org.jsoup.helper.HttpConnection$Response.execute(HttpConnection.java:465)
	at org.jsoup.helper.HttpConnection$Response.execute(HttpConnection.java:424)
	at org.jsoup.helper.HttpConnection.execute(HttpConnection.java:178)
	at org.jsoup.helper.HttpConnection.get(HttpConnection.java:167)
	at com.hrant.crawler.QueuePriorityAlgorithm.getAllLinksInPage(QueuePriorityAlgorithm.java:176)
	at com.hrant.crawler.QueuePriorityAlgorithm.queuePriorityAlgorithmLogic(QueuePriorityAlgorithm.java:80)
	at com.hrant.crawler.QueuePriorityAlgorithm.main(QueuePriorityAlgorithm.java:44)
Caused by: sun.security.validator.ValidatorException: PKIX path building failed: sun.security.provider.certpath.SunCertPathBuilderException: unable to find valid certification path to requested target
	at sun.security.validator.PKIXValidator.doBuild(Unknown Source)
	at sun.security.validator.PKIXValidator.engineValidate(Unknown Source)
	at sun.security.validator.Validator.validate(Unknown Source)
	at sun.security.ssl.X509TrustManagerImpl.validate(Unknown Source)
	at sun.security.ssl.X509TrustManagerImpl.checkTrusted(Unknown Source)
	at sun.security.ssl.X509TrustManagerImpl.checkServerTrusted(Unknown Source)
	... 19 more
Caused by: sun.security.provider.certpath.SunCertPathBuilderException: unable to find valid certification path to requested target
	at sun.security.provider.certpath.SunCertPathBuilder.build(Unknown Source)
	at sun.security.provider.certpath.SunCertPathBuilder.engineBuild(Unknown Source)
	at java.security.cert.CertPathBuilder.build(Unknown Source)
	... 25 more
2014-12-17 13:40:07 ERROR QueuePriorityAlgorithm:126 - error with getting child urls 
javax.net.ssl.SSLHandshakeException: sun.security.validator.ValidatorException: PKIX path building failed: sun.security.provider.certpath.SunCertPathBuilderException: unable to find valid certification path to requested target
	at sun.security.ssl.Alerts.getSSLException(Unknown Source)
	at sun.security.ssl.SSLSocketImpl.fatal(Unknown Source)
	at sun.security.ssl.Handshaker.fatalSE(Unknown Source)
	at sun.security.ssl.Handshaker.fatalSE(Unknown Source)
	at sun.security.ssl.ClientHandshaker.serverCertificate(Unknown Source)
	at sun.security.ssl.ClientHandshaker.processMessage(Unknown Source)
	at sun.security.ssl.Handshaker.processLoop(Unknown Source)
	at sun.security.ssl.Handshaker.process_record(Unknown Source)
	at sun.security.ssl.SSLSocketImpl.readRecord(Unknown Source)
	at sun.security.ssl.SSLSocketImpl.performInitialHandshake(Unknown Source)
	at sun.security.ssl.SSLSocketImpl.startHandshake(Unknown Source)
	at sun.security.ssl.SSLSocketImpl.startHandshake(Unknown Source)
	at sun.net.www.protocol.https.HttpsClient.afterConnect(Unknown Source)
	at sun.net.www.protocol.https.AbstractDelegateHttpsURLConnection.connect(Unknown Source)
	at sun.net.www.protocol.https.HttpsURLConnectionImpl.connect(Unknown Source)
	at org.jsoup.helper.HttpConnection$Response.execute(HttpConnection.java:439)
	at org.jsoup.helper.HttpConnection$Response.execute(HttpConnection.java:424)
	at org.jsoup.helper.HttpConnection.execute(HttpConnection.java:178)
	at org.jsoup.helper.HttpConnection.get(HttpConnection.java:167)
	at com.hrant.crawler.QueuePriorityAlgorithm.getAllLinksInPage(QueuePriorityAlgorithm.java:176)
	at com.hrant.crawler.QueuePriorityAlgorithm.queuePriorityAlgorithmLogic(QueuePriorityAlgorithm.java:80)
	at com.hrant.crawler.QueuePriorityAlgorithm.main(QueuePriorityAlgorithm.java:44)
Caused by: sun.security.validator.ValidatorException: PKIX path building failed: sun.security.provider.certpath.SunCertPathBuilderException: unable to find valid certification path to requested target
	at sun.security.validator.PKIXValidator.doBuild(Unknown Source)
	at sun.security.validator.PKIXValidator.engineValidate(Unknown Source)
	at sun.security.validator.Validator.validate(Unknown Source)
	at sun.security.ssl.X509TrustManagerImpl.validate(Unknown Source)
	at sun.security.ssl.X509TrustManagerImpl.checkTrusted(Unknown Source)
	at sun.security.ssl.X509TrustManagerImpl.checkServerTrusted(Unknown Source)
	... 18 more
Caused by: sun.security.provider.certpath.SunCertPathBuilderException: unable to find valid certification path to requested target
	at sun.security.provider.certpath.SunCertPathBuilder.build(Unknown Source)
	at sun.security.provider.certpath.SunCertPathBuilder.engineBuild(Unknown Source)
	at java.security.cert.CertPathBuilder.build(Unknown Source)
	... 24 more
2014-12-17 13:40:15 ERROR QueuePriorityAlgorithm:126 - error with getting child urls 
javax.net.ssl.SSLHandshakeException: sun.security.validator.ValidatorException: PKIX path building failed: sun.security.provider.certpath.SunCertPathBuilderException: unable to find valid certification path to requested target
	at sun.security.ssl.Alerts.getSSLException(Unknown Source)
	at sun.security.ssl.SSLSocketImpl.fatal(Unknown Source)
	at sun.security.ssl.Handshaker.fatalSE(Unknown Source)
	at sun.security.ssl.Handshaker.fatalSE(Unknown Source)
	at sun.security.ssl.ClientHandshaker.serverCertificate(Unknown Source)
	at sun.security.ssl.ClientHandshaker.processMessage(Unknown Source)
	at sun.security.ssl.Handshaker.processLoop(Unknown Source)
	at sun.security.ssl.Handshaker.process_record(Unknown Source)
	at sun.security.ssl.SSLSocketImpl.readRecord(Unknown Source)
	at sun.security.ssl.SSLSocketImpl.performInitialHandshake(Unknown Source)
	at sun.security.ssl.SSLSocketImpl.startHandshake(Unknown Source)
	at sun.security.ssl.SSLSocketImpl.startHandshake(Unknown Source)
	at sun.net.www.protocol.https.HttpsClient.afterConnect(Unknown Source)
	at sun.net.www.protocol.https.AbstractDelegateHttpsURLConnection.connect(Unknown Source)
	at sun.net.www.protocol.https.HttpsURLConnectionImpl.connect(Unknown Source)
	at org.jsoup.helper.HttpConnection$Response.execute(HttpConnection.java:439)
	at org.jsoup.helper.HttpConnection$Response.execute(HttpConnection.java:424)
	at org.jsoup.helper.HttpConnection.execute(HttpConnection.java:178)
	at org.jsoup.helper.HttpConnection.get(HttpConnection.java:167)
	at com.hrant.crawler.QueuePriorityAlgorithm.getAllLinksInPage(QueuePriorityAlgorithm.java:176)
	at com.hrant.crawler.QueuePriorityAlgorithm.queuePriorityAlgorithmLogic(QueuePriorityAlgorithm.java:80)
	at com.hrant.crawler.QueuePriorityAlgorithm.main(QueuePriorityAlgorithm.java:44)
Caused by: sun.security.validator.ValidatorException: PKIX path building failed: sun.security.provider.certpath.SunCertPathBuilderException: unable to find valid certification path to requested target
	at sun.security.validator.PKIXValidator.doBuild(Unknown Source)
	at sun.security.validator.PKIXValidator.engineValidate(Unknown Source)
	at sun.security.validator.Validator.validate(Unknown Source)
	at sun.security.ssl.X509TrustManagerImpl.validate(Unknown Source)
	at sun.security.ssl.X509TrustManagerImpl.checkTrusted(Unknown Source)
	at sun.security.ssl.X509TrustManagerImpl.checkServerTrusted(Unknown Source)
	... 18 more
Caused by: sun.security.provider.certpath.SunCertPathBuilderException: unable to find valid certification path to requested target
	at sun.security.provider.certpath.SunCertPathBuilder.build(Unknown Source)
	at sun.security.provider.certpath.SunCertPathBuilder.engineBuild(Unknown Source)
	at java.security.cert.CertPathBuilder.build(Unknown Source)
	... 24 more
2014-12-17 13:40:22 ERROR QueuePriorityAlgorithm:126 - error with getting child urls 
javax.net.ssl.SSLHandshakeException: sun.security.validator.ValidatorException: PKIX path building failed: sun.security.provider.certpath.SunCertPathBuilderException: unable to find valid certification path to requested target
	at sun.security.ssl.Alerts.getSSLException(Unknown Source)
	at sun.security.ssl.SSLSocketImpl.fatal(Unknown Source)
	at sun.security.ssl.Handshaker.fatalSE(Unknown Source)
	at sun.security.ssl.Handshaker.fatalSE(Unknown Source)
	at sun.security.ssl.ClientHandshaker.serverCertificate(Unknown Source)
	at sun.security.ssl.ClientHandshaker.processMessage(Unknown Source)
	at sun.security.ssl.Handshaker.processLoop(Unknown Source)
	at sun.security.ssl.Handshaker.process_record(Unknown Source)
	at sun.security.ssl.SSLSocketImpl.readRecord(Unknown Source)
	at sun.security.ssl.SSLSocketImpl.performInitialHandshake(Unknown Source)
	at sun.security.ssl.SSLSocketImpl.startHandshake(Unknown Source)
	at sun.security.ssl.SSLSocketImpl.startHandshake(Unknown Source)
	at sun.net.www.protocol.https.HttpsClient.afterConnect(Unknown Source)
	at sun.net.www.protocol.https.AbstractDelegateHttpsURLConnection.connect(Unknown Source)
	at sun.net.www.protocol.https.HttpsURLConnectionImpl.connect(Unknown Source)
	at org.jsoup.helper.HttpConnection$Response.execute(HttpConnection.java:439)
	at org.jsoup.helper.HttpConnection$Response.execute(HttpConnection.java:465)
	at org.jsoup.helper.HttpConnection$Response.execute(HttpConnection.java:424)
	at org.jsoup.helper.HttpConnection.execute(HttpConnection.java:178)
	at org.jsoup.helper.HttpConnection.get(HttpConnection.java:167)
	at com.hrant.crawler.QueuePriorityAlgorithm.getAllLinksInPage(QueuePriorityAlgorithm.java:176)
	at com.hrant.crawler.QueuePriorityAlgorithm.queuePriorityAlgorithmLogic(QueuePriorityAlgorithm.java:80)
	at com.hrant.crawler.QueuePriorityAlgorithm.main(QueuePriorityAlgorithm.java:44)
Caused by: sun.security.validator.ValidatorException: PKIX path building failed: sun.security.provider.certpath.SunCertPathBuilderException: unable to find valid certification path to requested target
	at sun.security.validator.PKIXValidator.doBuild(Unknown Source)
	at sun.security.validator.PKIXValidator.engineValidate(Unknown Source)
	at sun.security.validator.Validator.validate(Unknown Source)
	at sun.security.ssl.X509TrustManagerImpl.validate(Unknown Source)
	at sun.security.ssl.X509TrustManagerImpl.checkTrusted(Unknown Source)
	at sun.security.ssl.X509TrustManagerImpl.checkServerTrusted(Unknown Source)
	... 19 more
Caused by: sun.security.provider.certpath.SunCertPathBuilderException: unable to find valid certification path to requested target
	at sun.security.provider.certpath.SunCertPathBuilder.build(Unknown Source)
	at sun.security.provider.certpath.SunCertPathBuilder.engineBuild(Unknown Source)
	at java.security.cert.CertPathBuilder.build(Unknown Source)
	... 25 more
2014-12-17 13:40:26 ERROR QueuePriorityAlgorithm:126 - error with getting child urls 
javax.net.ssl.SSLHandshakeException: sun.security.validator.ValidatorException: PKIX path building failed: sun.security.provider.certpath.SunCertPathBuilderException: unable to find valid certification path to requested target
	at sun.security.ssl.Alerts.getSSLException(Unknown Source)
	at sun.security.ssl.SSLSocketImpl.fatal(Unknown Source)
	at sun.security.ssl.Handshaker.fatalSE(Unknown Source)
	at sun.security.ssl.Handshaker.fatalSE(Unknown Source)
	at sun.security.ssl.ClientHandshaker.serverCertificate(Unknown Source)
	at sun.security.ssl.ClientHandshaker.processMessage(Unknown Source)
	at sun.security.ssl.Handshaker.processLoop(Unknown Source)
	at sun.security.ssl.Handshaker.process_record(Unknown Source)
	at sun.security.ssl.SSLSocketImpl.readRecord(Unknown Source)
	at sun.security.ssl.SSLSocketImpl.performInitialHandshake(Unknown Source)
	at sun.security.ssl.SSLSocketImpl.startHandshake(Unknown Source)
	at sun.security.ssl.SSLSocketImpl.startHandshake(Unknown Source)
	at sun.net.www.protocol.https.HttpsClient.afterConnect(Unknown Source)
	at sun.net.www.protocol.https.AbstractDelegateHttpsURLConnection.connect(Unknown Source)
	at sun.net.www.protocol.https.HttpsURLConnectionImpl.connect(Unknown Source)
	at org.jsoup.helper.HttpConnection$Response.execute(HttpConnection.java:439)
	at org.jsoup.helper.HttpConnection$Response.execute(HttpConnection.java:424)
	at org.jsoup.helper.HttpConnection.execute(HttpConnection.java:178)
	at org.jsoup.helper.HttpConnection.get(HttpConnection.java:167)
	at com.hrant.crawler.QueuePriorityAlgorithm.getAllLinksInPage(QueuePriorityAlgorithm.java:176)
	at com.hrant.crawler.QueuePriorityAlgorithm.queuePriorityAlgorithmLogic(QueuePriorityAlgorithm.java:80)
	at com.hrant.crawler.QueuePriorityAlgorithm.main(QueuePriorityAlgorithm.java:44)
Caused by: sun.security.validator.ValidatorException: PKIX path building failed: sun.security.provider.certpath.SunCertPathBuilderException: unable to find valid certification path to requested target
	at sun.security.validator.PKIXValidator.doBuild(Unknown Source)
	at sun.security.validator.PKIXValidator.engineValidate(Unknown Source)
	at sun.security.validator.Validator.validate(Unknown Source)
	at sun.security.ssl.X509TrustManagerImpl.validate(Unknown Source)
	at sun.security.ssl.X509TrustManagerImpl.checkTrusted(Unknown Source)
	at sun.security.ssl.X509TrustManagerImpl.checkServerTrusted(Unknown Source)
	... 18 more
Caused by: sun.security.provider.certpath.SunCertPathBuilderException: unable to find valid certification path to requested target
	at sun.security.provider.certpath.SunCertPathBuilder.build(Unknown Source)
	at sun.security.provider.certpath.SunCertPathBuilder.engineBuild(Unknown Source)
	at java.security.cert.CertPathBuilder.build(Unknown Source)
	... 24 more
